Log file open, 10/05/20 07:29:57
LogInit: Display: Running engine for game: Alfraid
LogPlatformFile: Not using cached read wrapper
LogTaskGraph: Started task graph with 5 named threads and 23 total threads with 3 sets of task threads.
LogStats: Stats thread started at 0.177077
LogD3D11RHI: Loaded GFSDK_Aftermath_Lib.x64.dll
LogICUInternationalization: ICU TimeZone Detection - Raw Offset: -7:00, Platform Override: ''
LogPluginManager: Mounting plugin Paper2D
LogPluginManager: Mounting plugin AISupport
LogPluginManager: Mounting plugin LightPropagationVolume
LogPluginManager: Mounting plugin CameraShakePreviewer
LogPluginManager: Mounting plugin ActorLayerUtilities
LogPluginManager: Mounting plugin AnimationSharing
LogPluginManager: Mounting plugin CLionSourceCodeAccess
LogPluginManager: Mounting plugin CodeLiteSourceCodeAccess
LogPluginManager: Mounting plugin GitSourceControl
LogPluginManager: Mounting plugin KDevelopSourceCodeAccess
LogPluginManager: Mounting plugin NullSourceCodeAccess
LogPluginManager: Mounting plugin PerforceSourceControl
LogPluginManager: Mounting plugin PlasticSourceControl
LogPluginManager: Mounting plugin RiderSourceCodeAccess
LogPluginManager: Mounting plugin SubversionSourceControl
LogPluginManager: Mounting plugin UObjectPlugin
LogPluginManager: Mounting plugin VisualStudioCodeSourceCodeAccess
LogPluginManager: Mounting plugin VisualStudioSourceCodeAccess
LogPluginManager: Mounting plugin XCodeSourceCodeAccess
LogPluginManager: Mounting plugin AssetManagerEditor
LogPluginManager: Mounting plugin CryptoKeys
LogPluginManager: Mounting plugin CurveEditorTools
LogPluginManager: Mounting plugin DataValidation
LogPluginManager: Mounting plugin EditorScriptingUtilities
LogPluginManager: Mounting plugin FacialAnimation
LogPluginManager: Mounting plugin GameplayTagsEditor
LogPluginManager: Mounting plugin GeometryMode
LogPluginManager: Mounting plugin MacGraphicsSwitching
LogPluginManager: Mounting plugin MaterialAnalyzer
LogPluginManager: Mounting plugin MobileLauncherProfileWizard
LogPluginManager: Mounting plugin PluginBrowser
LogPluginManager: Mounting plugin SpeedTreeImporter
LogPluginManager: Mounting plugin DatasmithContent
LogPluginManager: Mounting plugin VariantManagerContent
LogPluginManager: Mounting plugin AlembicImporter
LogPluginManager: Mounting plugin AutomationUtils
LogPluginManager: Mounting plugin BackChannel
LogPluginManager: Mounting plugin ChaosCloth
LogPluginManager: Mounting plugin ChaosClothEditor
LogPluginManager: Mounting plugin ChaosEditor
LogPluginManager: Mounting plugin ChaosNiagara
LogPluginManager: Mounting plugin ChaosSolverPlugin
LogPluginManager: Mounting plugin CharacterAI
LogPluginManager: Mounting plugin GeometryCache
LogPluginManager: Mounting plugin GeometryCollectionPlugin
LogPluginManager: Mounting plugin GeometryProcessing
LogPluginManager: Mounting plugin PlanarCut
LogPluginManager: Mounting plugin PlatformCrypto
LogPluginManager: Mounting plugin ProxyLODPlugin
LogPluginManager: Mounting plugin SkeletalReduction
LogPluginManager: Mounting plugin Niagara
LogPluginManager: Mounting plugin MagicLeap
LogPluginManager: Mounting plugin MagicLeapLightEstimation
LogPluginManager: Mounting plugin MagicLeapMedia
LogPluginManager: Mounting plugin MagicLeapPassableWorld
LogPluginManager: Mounting plugin MLSDK
LogPluginManager: Mounting plugin AndroidMedia
LogPluginManager: Mounting plugin AvfMedia
LogPluginManager: Mounting plugin ImgMedia
LogPluginManager: Mounting plugin MediaCompositing
LogPluginManager: Mounting plugin MediaPlayerEditor
LogPluginManager: Mounting plugin WebMMedia
LogPluginManager: Mounting plugin WmfMedia
LogPluginManager: Mounting plugin MeshPainting
LogPluginManager: Mounting plugin TcpMessaging
LogPluginManager: Mounting plugin UdpMessaging
LogPluginManager: Mounting plugin ActorSequence
LogPluginManager: Mounting plugin LevelSequenceEditor
LogPluginManager: Mounting plugin MatineeToLevelSequence
LogPluginManager: Mounting plugin MovieRenderPipeline
LogPluginManager: Mounting plugin TemplateSequence
LogPluginManager: Mounting plugin NetcodeUnitTest
LogPluginManager: Mounting plugin NUTUnrealEngine4
LogPluginManager: Mounting plugin OnlineSubsystemGooglePlay
LogPluginManager: Mounting plugin OnlineSubsystemIOS
LogPluginManager: Mounting plugin OnlineSubsystem
LogPluginManager: Mounting plugin OnlineSubsystemNull
LogPluginManager: Mounting plugin OnlineSubsystemUtils
LogPluginManager: Mounting plugin LauncherChunkInstaller
LogPluginManager: Mounting plugin AndroidDeviceProfileSelector
LogPluginManager: Mounting plugin AndroidMoviePlayer
LogPluginManager: Mounting plugin AndroidPermission
LogPluginManager: Mounting plugin AppleImageUtils
LogPluginManager: Mounting plugin AppleMoviePlayer
LogPluginManager: Mounting plugin ArchVisCharacter
LogPluginManager: Mounting plugin AssetTags
LogPluginManager: Mounting plugin AudioCapture
LogPluginManager: Mounting plugin CableComponent
LogPluginManager: Mounting plugin CustomMeshComponent
LogPluginManager: Mounting plugin EditableMesh
LogPluginManager: Mounting plugin ExampleDeviceProfileSelector
LogPluginManager: Mounting plugin GoogleCloudMessaging
LogPluginManager: Mounting plugin GooglePAD
LogPluginManager: Mounting plugin IOSDeviceProfileSelector
LogPluginManager: Mounting plugin LinuxDeviceProfileSelector
LogPluginManager: Mounting plugin LocationServicesBPLibrary
LogPluginManager: Mounting plugin MobilePatchingUtils
LogPluginManager: Mounting plugin OculusVR
LogPluginManager: Mounting plugin PhysXVehicles
LogPluginManager: Mounting plugin PostSplashScreen
LogPluginManager: Mounting plugin ProceduralMeshComponent
LogPluginManager: Mounting plugin RuntimePhysXCooking
LogPluginManager: Mounting plugin SignificanceManager
LogPluginManager: Mounting plugin SoundFields
LogPluginManager: Mounting plugin SteamVR
LogPluginManager: Mounting plugin Synthesis
LogPluginManager: Mounting plugin WebMMoviePlayer
LogPluginManager: Mounting plugin WindowsMoviePlayer
LogPluginManager: Mounting plugin ScreenshotTools
LogInit: Using libcurl 7.55.1-DEV
LogInit:  - built for x86_64-pc-win32
LogInit:  - supports SSL with OpenSSL/1.1.1
LogInit:  - supports HTTP deflate (compression) using libz 1.2.8
LogInit:  - other features:
LogInit:      CURL_VERSION_SSL
LogInit:      CURL_VERSION_LIBZ
LogInit:      CURL_VERSION_IPV6
LogInit:      CURL_VERSION_ASYNCHDNS
LogInit:      CURL_VERSION_LARGEFILE
LogInit:      CURL_VERSION_IDN
LogInit:  CurlRequestOptions (configurable via config and command line):
LogInit:  - bVerifyPeer = true  - Libcurl will verify peer certificate
LogInit:  - bUseHttpProxy = false  - Libcurl will NOT use HTTP proxy
LogInit:  - bDontReuseConnections = false  - Libcurl will reuse connections
LogInit:  - MaxHostConnections = 16  - Libcurl will limit the number of connections to a host
LogInit:  - LocalHostAddr = Default
LogInit:  - BufferSize = 65536
LogOnline: OSS: Creating online subsystem instance for: NULL
LogInit: WinSock: version 1.1 (2.2), MaxSocks=32767, MaxUdp=65467
LogOnline: OSS: TryLoadSubsystemAndSetDefault: Loaded subsystem for module [NULL]
LogInit: Build: ++UE4+Release-4.25-CL-13942748
LogInit: Engine Version: 4.25.3-13942748+++UE4+Release-4.25
LogInit: Compatible Engine Version: 4.25.0-13144385+++UE4+Release-4.25
LogInit: Net CL: 13144385
LogInit: OS: Windows 10 (Release 2004) (), CPU: Intel(R) Core(TM) i7-7700K CPU @ 4.20GHz, GPU: Radeon Pro 580
LogInit: Compiled (64-bit): Jul 25 2020 02:07:48
LogInit: Compiled with Visual C++: 19.24.28315.00
LogInit: Build Configuration: Development
LogInit: Branch Name: ++UE4+Release-4.25
LogInit: Command Line: 
LogInit: Base Directory: C:/Program Files/Epic Games/UE_4.25/Engine/Binaries/Win64/
LogInit: Allocator: TBB
LogInit: Installed Engine Build: 1
LogDevObjectVersion: Number of dev versions registered: 26
LogDevObjectVersion:   Dev-Blueprints (B0D832E4-1F89-4F0D-ACCF-7EB736FD4AA2): 10
LogDevObjectVersion:   Dev-Build (E1C64328-A22C-4D53-A36C-8E866417BD8C): 0
LogDevObjectVersion:   Dev-Core (375EC13C-06E4-48FB-B500-84F0262A717E): 4
LogDevObjectVersion:   Dev-Editor (E4B068ED-F494-42E9-A231-DA0B2E46BB41): 38
LogDevObjectVersion:   Dev-Framework (CFFC743F-43B0-4480-9391-14DF171D2073): 37
LogDevObjectVersion:   Dev-Mobile (B02B49B5-BB20-44E9-A304-32B752E40360): 2
LogDevObjectVersion:   Dev-Networking (A4E4105C-59A1-49B5-A7C5-40C4547EDFEE): 0
LogDevObjectVersion:   Dev-Online (39C831C9-5AE6-47DC-9A44-9C173E1C8E7C): 0
LogDevObjectVersion:   Dev-Physics (78F01B33-EBEA-4F98-B9B4-84EACCB95AA2): 4
LogDevObjectVersion:   Dev-Platform (6631380F-2D4D-43E0-8009-CF276956A95A): 0
LogDevObjectVersion:   Dev-Rendering (12F88B9F-8875-4AFC-A67C-D90C383ABD29): 43
LogDevObjectVersion:   Dev-Sequencer (7B5AE74C-D270-4C10-A958-57980B212A5A): 12
LogDevObjectVersion:   Dev-VR (D7296918-1DD6-4BDD-9DE2-64A83CC13884): 3
LogDevObjectVersion:   Dev-LoadTimes (C2A15278-BFE7-4AFE-6C17-90FF531DF755): 1
LogDevObjectVersion:   Private-Geometry (6EACA3D4-40EC-4CC1-B786-8BED09428FC5): 3
LogDevObjectVersion:   Dev-AnimPhys (29E575DD-E0A3-4627-9D10-D276232CDCEA): 17
LogDevObjectVersion:   Dev-Anim (AF43A65D-7FD3-4947-9873-3E8ED9C1BB05): 7
LogDevObjectVersion:   Dev-ReflectionCapture (6B266CEC-1EC7-4B8F-A30B-E4D90942FC07): 1
LogDevObjectVersion:   Dev-Automation (0DF73D61-A23F-47EA-B727-89E90C41499A): 1
LogDevObjectVersion:   FortniteMain (601D1886-AC64-4F84-AA16-D3DE0DEAC7D6): 31
LogDevObjectVersion:   Dev-Enterprise (9DFFBCD6-494F-0158-E221-12823C92A888): 10
LogDevObjectVersion:   Dev-Niagara (F2AED0AC-9AFE-416F-8664-AA7FFA26D6FC): 1
LogDevObjectVersion:   Dev-Destruction (174F1F0B-B4C6-45A5-B13F-2EE8D0FB917D): 10
LogDevObjectVersion:   Dev-Physics-Ext (35F94A83-E258-406C-A318-09F59610247C): 37
LogDevObjectVersion:   Dev-PhysicsMaterial-Chaos (B68FC16E-8B1B-42E2-B453-215C058844FE): 1
LogDevObjectVersion:   Dev-CineCamera (B2E18506-4273-CFC2-A54E-F4BB758BBA07): 1
LogInit: Presizing for max 25165824 objects, including 0 objects not considered by GC, pre-allocating 0 bytes for permanent pool.
LogConfig: Applying CVar settings from Section [/Script/Engine.StreamingSettings] File [C:/Users/user/Documents/GitHub/Alfraid/Alfraid/Saved/Config/Windows/Engine.ini]
LogConfig: Setting CVar [[s.MinBulkDataSizeForAsyncLoading:131072]]
LogConfig: Setting CVar [[s.AsyncLoadingThreadEnabled:0]]
LogConfig: Setting CVar [[s.EventDrivenLoaderEnabled:1]]
LogConfig: Setting CVar [[s.WarnIfTimeLimitExceeded:0]]
LogConfig: Setting CVar [[s.TimeLimitExceededMultiplier:1.5]]
LogConfig: Setting CVar [[s.TimeLimitExceededMinTime:0.005]]
LogConfig: Setting CVar [[s.UseBackgroundLevelStreaming:1]]
LogConfig: Setting CVar [[s.PriorityAsyncLoadingExtraTime:15.0]]
LogConfig: Setting CVar [[s.LevelStreamingActorsUpdateTimeLimit:5.0]]
LogConfig: Setting CVar [[s.PriorityLevelStreamingActorsUpdateExtraTime:5.0]]
LogConfig: Setting CVar [[s.LevelStreamingComponentsRegistrationGranularity:10]]
LogConfig: Setting CVar [[s.UnregisterComponentsTimeLimit:1.0]]
LogConfig: Setting CVar [[s.LevelStreamingComponentsUnregistrationGranularity:5]]
LogConfig: Setting CVar [[s.FlushStreamingOnExit:1]]
LogInit: Object subsystem initialized
LogConfig: Setting CVar [[con.DebugEarlyDefault:1]]
LogConfig: Setting CVar [[r.setres:1280x720]]
[2020.10.05-13.29.57:952][  0]LogConfig: Setting CVar [[r.VSync:0]]
[2020.10.05-13.29.57:952][  0]LogConfig: Setting CVar [[r.RHICmdBypass:0]]
[2020.10.05-13.29.57:952][  0]LogConfig: Applying CVar settings from Section [/Script/Engine.RendererSettings] File [C:/Users/user/Documents/GitHub/Alfraid/Alfraid/Saved/Config/Windows/Engine.ini]
[2020.10.05-13.29.57:952][  0]LogConfig: Setting CVar [[r.GPUCrashDebugging:0]]
[2020.10.05-13.29.57:952][  0]LogConfig: Applying CVar settings from Section [/Script/Engine.RendererOverrideSettings] File [C:/Users/user/Documents/GitHub/Alfraid/Alfraid/Saved/Config/Windows/Engine.ini]
[2020.10.05-13.29.57:952][  0]LogConfig: Applying CVar settings from Section [/Script/Engine.StreamingSettings] File [C:/Users/user/Documents/GitHub/Alfraid/Alfraid/Saved/Config/Windows/Engine.ini]
[2020.10.05-13.29.57:952][  0]LogConfig: Setting CVar [[s.MinBulkDataSizeForAsyncLoading:131072]]
[2020.10.05-13.29.57:952][  0]LogConfig: Setting CVar [[s.AsyncLoadingThreadEnabled:0]]
[2020.10.05-13.29.57:952][  0]LogConfig: Setting CVar [[s.EventDrivenLoaderEnabled:1]]
[2020.10.05-13.29.57:952][  0]LogConfig: Setting CVar [[s.WarnIfTimeLimitExceeded:0]]
[2020.10.05-13.29.57:952][  0]LogConfig: Setting CVar [[s.TimeLimitExceededMultiplier:1.5]]
[2020.10.05-13.29.57:952][  0]LogConfig: Setting CVar [[s.TimeLimitExceededMinTime:0.005]]
[2020.10.05-13.29.57:952][  0]LogConfig: Setting CVar [[s.UseBackgroundLevelStreaming:1]]
[2020.10.05-13.29.57:952][  0]LogConfig: Setting CVar [[s.PriorityAsyncLoadingExtraTime:15.0]]
[2020.10.05-13.29.57:952][  0]LogConfig: Setting CVar [[s.LevelStreamingActorsUpdateTimeLimit:5.0]]
[2020.10.05-13.29.57:952][  0]LogConfig: Setting CVar [[s.PriorityLevelStreamingActorsUpdateExtraTime:5.0]]
[2020.10.05-13.29.57:953][  0]LogConfig: Setting CVar [[s.LevelStreamingComponentsRegistrationGranularity:10]]
[2020.10.05-13.29.57:953][  0]LogConfig: Setting CVar [[s.UnregisterComponentsTimeLimit:1.0]]
[2020.10.05-13.29.57:953][  0]LogConfig: Setting CVar [[s.LevelStreamingComponentsUnregistrationGranularity:5]]
[2020.10.05-13.29.57:953][  0]LogConfig: Setting CVar [[s.FlushStreamingOnExit:1]]
[2020.10.05-13.29.57:953][  0]LogConfig: Applying CVar settings from Section [/Script/Engine.GarbageCollectionSettings] File [C:/Users/user/Documents/GitHub/Alfraid/Alfraid/Saved/Config/Windows/Engine.ini]
[2020.10.05-13.29.57:953][  0]LogConfig: Setting CVar [[gc.MaxObjectsNotConsideredByGC:1]]
[2020.10.05-13.29.57:953][  0]LogConfig: Setting CVar [[gc.SizeOfPermanentObjectPool:0]]
[2020.10.05-13.29.57:953][  0]LogConfig: Setting CVar [[gc.FlushStreamingOnGC:0]]
[2020.10.05-13.29.57:953][  0]LogConfig: Setting CVar [[gc.NumRetriesBeforeForcingGC:10]]
[2020.10.05-13.29.57:953][  0]LogConfig: Setting CVar [[gc.AllowParallelGC:1]]
[2020.10.05-13.29.57:953][  0]LogConfig: Setting CVar [[gc.TimeBetweenPurgingPendingKillObjects:61.1]]
[2020.10.05-13.29.57:953][  0]LogConfig: Setting CVar [[gc.MaxObjectsInEditor:25165824]]
[2020.10.05-13.29.57:953][  0]LogConfig: Setting CVar [[gc.IncrementalBeginDestroyEnabled:1]]
[2020.10.05-13.29.57:953][  0]LogConfig: Setting CVar [[gc.CreateGCClusters:1]]
[2020.10.05-13.29.57:953][  0]LogConfig: Setting CVar [[gc.MinGCClusterSize:5]]
[2020.10.05-13.29.57:953][  0]LogConfig: Setting CVar [[gc.ActorClusteringEnabled:0]]
[2020.10.05-13.29.57:953][  0]LogConfig: Setting CVar [[gc.BlueprintClusteringEnabled:0]]
[2020.10.05-13.29.57:953][  0]LogConfig: Setting CVar [[gc.UseDisregardForGCOnDedicatedServers:0]]
[2020.10.05-13.29.57:953][  0]LogConfig: Applying CVar settings from Section [/Script/Engine.NetworkSettings] File [C:/Users/user/Documents/GitHub/Alfraid/Alfraid/Saved/Config/Windows/Engine.ini]
[2020.10.05-13.29.57:953][  0]LogConfig: Applying CVar settings from Section [/Script/UnrealEd.CookerSettings] File [C:/Users/user/Documents/GitHub/Alfraid/Alfraid/Saved/Config/Windows/Engine.ini]
[2020.10.05-13.29.57:956][  0]LogConfig: Applying CVar settings from Section [ViewDistanceQuality@3] File [C:/Users/user/Documents/GitHub/Alfraid/Alfraid/Saved/Config/Windows/Scalability.ini]
[2020.10.05-13.29.57:956][  0]LogConfig: Setting CVar [[r.SkeletalMeshLODBias:0]]
[2020.10.05-13.29.57:956][  0]LogConfig: Setting CVar [[r.ViewDistanceScale:1.0]]
[2020.10.05-13.29.57:956][  0]LogConfig: Applying CVar settings from Section [AntiAliasingQuality@3] File [C:/Users/user/Documents/GitHub/Alfraid/Alfraid/Saved/Config/Windows/Scalability.ini]
[2020.10.05-13.29.57:956][  0]LogConfig: Setting CVar [[r.PostProcessAAQuality:4]]
[2020.10.05-13.29.57:956][  0]LogConfig: Applying CVar settings from Section [ShadowQuality@3] File [C:/Users/user/Documents/GitHub/Alfraid/Alfraid/Saved/Config/Windows/Scalability.ini]
[2020.10.05-13.29.57:956][  0]LogConfig: Setting CVar [[r.LightFunctionQuality:1]]
[2020.10.05-13.29.57:956][  0]LogConfig: Setting CVar [[r.ShadowQuality:5]]
[2020.10.05-13.29.57:956][  0]LogConfig: Setting CVar [[r.Shadow.CSM.MaxCascades:10]]
[2020.10.05-13.29.57:956][  0]LogConfig: Setting CVar [[r.Shadow.MaxResolution:2048]]
[2020.10.05-13.29.57:956][  0]LogConfig: Setting CVar [[r.Shadow.MaxCSMResolution:2048]]
[2020.10.05-13.29.57:956][  0]LogConfig: Setting CVar [[r.Shadow.RadiusThreshold:0.01]]
[2020.10.05-13.29.57:956][  0]LogConfig: Setting CVar [[r.Shadow.DistanceScale:1.0]]
[2020.10.05-13.29.57:956][  0]LogConfig: Setting CVar [[r.Shadow.CSM.TransitionScale:1.0]]
[2020.10.05-13.29.57:956][  0]LogConfig: Setting CVar [[r.Shadow.PreShadowResolutionFactor:1.0]]
[2020.10.05-13.29.57:956][  0]LogConfig: Setting CVar [[r.DistanceFieldShadowing:1]]
[2020.10.05-13.29.57:956][  0]LogConfig: Setting CVar [[r.DistanceFieldAO:1]]
[2020.10.05-13.29.57:956][  0]LogConfig: Setting CVar [[r.AOQuality:2]]
[2020.10.05-13.29.57:956][  0]LogConfig: Setting CVar [[r.VolumetricFog:1]]
[2020.10.05-13.29.57:956][  0]LogConfig: Setting CVar [[r.VolumetricFog.GridPixelSize:8]]
[2020.10.05-13.29.57:956][  0]LogConfig: Setting CVar [[r.VolumetricFog.GridSizeZ:128]]
[2020.10.05-13.29.57:956][  0]LogConfig: Setting CVar [[r.VolumetricFog.HistoryMissSupersampleCount:4]]
[2020.10.05-13.29.57:956][  0]LogConfig: Setting CVar [[r.LightMaxDrawDistanceScale:1]]
[2020.10.05-13.29.57:956][  0]LogConfig: Setting CVar [[r.CapsuleShadows:1]]
[2020.10.05-13.29.57:956][  0]LogConfig: Applying CVar settings from Section [PostProcessQuality@3] File [C:/Users/user/Documents/GitHub/Alfraid/Alfraid/Saved/Config/Windows/Scalability.ini]
[2020.10.05-13.29.57:956][  0]LogConfig: Setting CVar [[r.MotionBlurQuality:4]]
[2020.10.05-13.29.57:956][  0]LogConfig: Setting CVar [[r.AmbientOcclusionMipLevelFactor:0.4]]
[2020.10.05-13.29.57:956][  0]LogConfig: Setting CVar [[r.AmbientOcclusionMaxQuality:100]]
[2020.10.05-13.29.57:956][  0]LogConfig: Setting CVar [[r.AmbientOcclusionLevels:-1]]
[2020.10.05-13.29.57:956][  0]LogConfig: Setting CVar [[r.AmbientOcclusionRadiusScale:1.0]]
[2020.10.05-13.29.57:956][  0]LogConfig: Setting CVar [[r.DepthOfFieldQuality:2]]
[2020.10.05-13.29.57:956][  0]LogConfig: Setting CVar [[r.RenderTargetPoolMin:400]]
[2020.10.05-13.29.57:956][  0]LogConfig: Setting CVar [[r.LensFlareQuality:2]]
[2020.10.05-13.29.57:956][  0]LogConfig: Setting CVar [[r.SceneColorFringeQuality:1]]
[2020.10.05-13.29.57:956][  0]LogConfig: Setting CVar [[r.EyeAdaptationQuality:2]]
[2020.10.05-13.29.57:956][  0]LogConfig: Setting CVar [[r.BloomQuality:5]]
[2020.10.05-13.29.57:956][  0]LogConfig: Setting CVar [[r.FastBlurThreshold:100]]
[2020.10.05-13.29.57:956][  0]LogConfig: Setting CVar [[r.Upscale.Quality:3]]
[2020.10.05-13.29.57:956][  0]LogConfig: Setting CVar [[r.Tonemapper.GrainQuantization:1]]
[2020.10.05-13.29.57:956][  0]LogConfig: Setting CVar [[r.LightShaftQuality:1]]
[2020.10.05-13.29.57:956][  0]LogConfig: Setting CVar [[r.Filter.SizeScale:1]]
[2020.10.05-13.29.57:956][  0]LogConfig: Setting CVar [[r.Tonemapper.Quality:5]]
[2020.10.05-13.29.57:956][  0]LogConfig: Setting CVar [[r.DOF.Gather.AccumulatorQuality:1        ; higher gathering accumulator quality]]
[2020.10.05-13.29.57:956][  0]LogConfig: Setting CVar [[r.DOF.Gather.PostfilterMethod:1          ; Median3x3 postfilering method]]
[2020.10.05-13.29.57:956][  0]LogConfig: Setting CVar [[r.DOF.Gather.EnableBokehSettings:0       ; no bokeh simulation when gathering]]
[2020.10.05-13.29.57:956][  0]LogConfig: Setting CVar [[r.DOF.Gather.RingCount:4                 ; medium number of samples when gathering]]
[2020.10.05-13.29.57:956][  0]LogConfig: Setting CVar [[r.DOF.Scatter.ForegroundCompositing:1    ; additive foreground scattering]]
[2020.10.05-13.29.57:956][  0]LogConfig: Setting CVar [[r.DOF.Scatter.BackgroundCompositing:2    ; additive background scattering]]
[2020.10.05-13.29.57:956][  0]LogConfig: Setting CVar [[r.DOF.Scatter.EnableBokehSettings:1      ; bokeh simulation when scattering]]
[2020.10.05-13.29.57:956][  0]LogConfig: Setting CVar [[r.DOF.Scatter.MaxSpriteRatio:0.1         ; only a maximum of 10% of scattered bokeh]]
[2020.10.05-13.29.57:956][  0]LogConfig: Setting CVar [[r.DOF.Recombine.Quality:1                ; cheap slight out of focus]]
[2020.10.05-13.29.57:956][  0]LogConfig: Setting CVar [[r.DOF.Recombine.EnableBokehSettings:0    ; no bokeh simulation on slight out of focus]]
[2020.10.05-13.29.57:956][  0]LogConfig: Setting CVar [[r.DOF.TemporalAAQuality:1                ; more stable temporal accumulation]]
[2020.10.05-13.29.57:956][  0]LogConfig: Setting CVar [[r.DOF.Kernel.MaxForegroundRadius:0.025]]
[2020.10.05-13.29.57:956][  0]LogConfig: Setting CVar [[r.DOF.Kernel.MaxBackgroundRadius:0.025]]
[2020.10.05-13.29.57:956][  0]LogConfig: Applying CVar settings from Section [TextureQuality@3] File [C:/Users/user/Documents/GitHub/Alfraid/Alfraid/Saved/Config/Windows/Scalability.ini]
[2020.10.05-13.29.57:956][  0]LogConfig: Setting CVar [[r.Streaming.MipBias:0]]
[2020.10.05-13.29.57:956][  0]LogConfig: Setting CVar [[r.Streaming.AmortizeCPUToGPUCopy:0]]
[2020.10.05-13.29.57:956][  0]LogConfig: Setting CVar [[r.Streaming.MaxNumTexturesToStreamPerFrame:0]]
[2020.10.05-13.29.57:956][  0]LogConfig: Setting CVar [[r.Streaming.Boost:1]]
[2020.10.05-13.29.57:956][  0]LogConfig: Setting CVar [[r.MaxAnisotropy:8]]
[2020.10.05-13.29.57:956][  0]LogConfig: Setting CVar [[r.VT.MaxAnisotropy:8]]
[2020.10.05-13.29.57:956][  0]LogConfig: Setting CVar [[r.Streaming.LimitPoolSizeToVRAM:0]]
[2020.10.05-13.29.57:957][  0]LogConfig: Setting CVar [[r.Streaming.PoolSize:1000]]
[2020.10.05-13.29.57:957][  0]LogConfig: Setting CVar [[r.Streaming.MaxEffectiveScreenSize:0]]
[2020.10.05-13.29.57:957][  0]LogConfig: Applying CVar settings from Section [EffectsQuality@3] File [C:/Users/user/Documents/GitHub/Alfraid/Alfraid/Saved/Config/Windows/Scalability.ini]
[2020.10.05-13.29.57:957][  0]LogConfig: Setting CVar [[r.TranslucencyLightingVolumeDim:64]]
[2020.10.05-13.29.57:957][  0]LogConfig: Setting CVar [[r.RefractionQuality:2]]
[2020.10.05-13.29.57:957][  0]LogConfig: Setting CVar [[r.SSR.Quality:3]]
[2020.10.05-13.29.57:957][  0]LogConfig: Setting CVar [[r.SSR.HalfResSceneColor:0]]
[2020.10.05-13.29.57:957][  0]LogConfig: Setting CVar [[r.SceneColorFormat:4]]
[2020.10.05-13.29.57:957][  0]LogConfig: Setting CVar [[r.DetailMode:2]]
[2020.10.05-13.29.57:957][  0]LogConfig: Setting CVar [[r.TranslucencyVolumeBlur:1]]
[2020.10.05-13.29.57:957][  0]LogConfig: Setting CVar [[r.MaterialQualityLevel:1 ; High quality]]
[2020.10.05-13.29.57:957][  0]LogConfig: Setting CVar [[r.SSS.Scale:1]]
[2020.10.05-13.29.57:957][  0]LogConfig: Setting CVar [[r.SSS.SampleSet:2]]
[2020.10.05-13.29.57:957][  0]LogConfig: Setting CVar [[r.SSS.Quality:1]]
[2020.10.05-13.29.57:957][  0]LogConfig: Setting CVar [[r.SSS.HalfRes:0]]
[2020.10.05-13.29.57:957][  0]LogConfig: Setting CVar [[r.SSGI.Quality:3]]
[2020.10.05-13.29.57:957][  0]LogConfig: Setting CVar [[r.EmitterSpawnRateScale:1.0]]
[2020.10.05-13.29.57:957][  0]LogConfig: Setting CVar [[r.ParticleLightQuality:2]]
[2020.10.05-13.29.57:957][  0]LogConfig: Setting CVar [[r.SkyAtmosphere.AerialPerspectiveLUT.FastApplyOnOpaque:1 ; Always have FastSkyLUT 1 in this case to avoid wrong sky]]
[2020.10.05-13.29.57:957][  0]LogConfig: Setting CVar [[r.SkyAtmosphere.AerialPerspectiveLUT.SampleCountPerSlice:1]]
[2020.10.05-13.29.57:957][  0]LogConfig: Setting CVar [[r.SkyAtmosphere.AerialPerspectiveLUT.DepthResolution:16.0]]
[2020.10.05-13.29.57:957][  0]LogConfig: Setting CVar [[r.SkyAtmosphere.FastSkyLUT:1]]
[2020.10.05-13.29.57:957][  0]LogConfig: Setting CVar [[r.SkyAtmosphere.FastSkyLUT.SampleCountMin:4.0]]
[2020.10.05-13.29.57:957][  0]LogConfig: Setting CVar [[r.SkyAtmosphere.FastSkyLUT.SampleCountMax:32.0]]
[2020.10.05-13.29.57:957][  0]LogConfig: Setting CVar [[r.SkyAtmosphere.SampleCountMin:4.0]]
[2020.10.05-13.29.57:957][  0]LogConfig: Setting CVar [[r.SkyAtmosphere.SampleCountMax:32.0]]
[2020.10.05-13.29.57:957][  0]LogConfig: Setting CVar [[r.SkyAtmosphere.TransmittanceLUT.UseSmallFormat:0]]
[2020.10.05-13.29.57:957][  0]LogConfig: Setting CVar [[r.SkyAtmosphere.TransmittanceLUT.SampleCount:10.0]]
[2020.10.05-13.29.57:957][  0]LogConfig: Setting CVar [[r.SkyAtmosphere.MultiScatteringLUT.SampleCount:15.0]]
[2020.10.05-13.29.57:957][  0]LogConfig: Applying CVar settings from Section [FoliageQuality@3] File [C:/Users/user/Documents/GitHub/Alfraid/Alfraid/Saved/Config/Windows/Scalability.ini]
[2020.10.05-13.29.57:957][  0]LogConfig: Setting CVar [[foliage.DensityScale:1.0]]
[2020.10.05-13.29.57:957][  0]LogConfig: Setting CVar [[grass.DensityScale:1.0]]
[2020.10.05-13.29.57:957][  0]LogConfig: Applying CVar settings from Section [ShadingQuality@3] File [C:/Users/user/Documents/GitHub/Alfraid/Alfraid/Saved/Config/Windows/Scalability.ini]
[2020.10.05-13.29.57:957][  0]LogConfig: Setting CVar [[r.HairStrands.SkyLighting.SampleCount:16]]
[2020.10.05-13.29.57:957][  0]LogConfig: Setting CVar [[r.HairStrands.SkyLighting.JitterIntegration:0]]
[2020.10.05-13.29.57:957][  0]LogConfig: Setting CVar [[r.HairStrands.SkyAO.SampleCount:16]]
[2020.10.05-13.29.57:957][  0]LogConfig: Setting CVar [[r.HairStrands.DeepShadow.SuperSampling:0]]
[2020.10.05-13.29.57:957][  0]LogConfig: Setting CVar [[r.HairStrands.VisibilityPPLL:0]]
[2020.10.05-13.29.57:957][  0]LogConfig: Setting CVar [[r.HairStrands.RasterizationScale:0.5]]
[2020.10.05-13.29.57:957][  0]LogConfig: Setting CVar [[r.HairStrands.VelocityRasterizationScale:1]]
[2020.10.05-13.29.57:957][  0]LogInit: Selected Device Profile: [Windows]
[2020.10.05-13.29.57:957][  0]LogInit: Applying CVar settings loaded from the selected device profile: [Windows]
[2020.10.05-13.29.57:957][  0]LogHAL: Display: Platform has ~ 32 GB [34251960320 / 34359738368 / 32], which maps to Largest [LargestMinGB=32, LargerMinGB=12, DefaultMinGB=8, SmallerMinGB=6, SmallestMinGB=0)
[2020.10.05-13.29.57:957][  0]LogInit: Going up to parent DeviceProfile []
[2020.10.05-13.29.57:957][  0]LogConfig: Applying CVar settings from Section [ViewDistanceQuality@3] File [C:/Users/user/Documents/GitHub/Alfraid/Alfraid/Saved/Config/Windows/Scalability.ini]
[2020.10.05-13.29.57:957][  0]LogConfig: Setting CVar [[r.SkeletalMeshLODBias:0]]
[2020.10.05-13.29.57:957][  0]LogConfig: Setting CVar [[r.ViewDistanceScale:1.0]]
[2020.10.05-13.29.57:957][  0]LogConfig: Applying CVar settings from Section [AntiAliasingQuality@3] File [C:/Users/user/Documents/GitHub/Alfraid/Alfraid/Saved/Config/Windows/Scalability.ini]
[2020.10.05-13.29.57:957][  0]LogConfig: Setting CVar [[r.PostProcessAAQuality:4]]
[2020.10.05-13.29.57:957][  0]LogConfig: Applying CVar settings from Section [ShadowQuality@3] File [C:/Users/user/Documents/GitHub/Alfraid/Alfraid/Saved/Config/Windows/Scalability.ini]
[2020.10.05-13.29.57:957][  0]LogConfig: Setting CVar [[r.LightFunctionQuality:1]]
[2020.10.05-13.29.57:957][  0]LogConfig: Setting CVar [[r.ShadowQuality:5]]
[2020.10.05-13.29.57:957][  0]LogConfig: Setting CVar [[r.Shadow.CSM.MaxCascades:10]]
[2020.10.05-13.29.57:957][  0]LogConfig: Setting CVar [[r.Shadow.MaxResolution:2048]]
[2020.10.05-13.29.57:957][  0]LogConfig: Setting CVar [[r.Shadow.MaxCSMResolution:2048]]
[2020.10.05-13.29.57:957][  0]LogConfig: Setting CVar [[r.Shadow.RadiusThreshold:0.01]]
[2020.10.05-13.29.57:957][  0]LogConfig: Setting CVar [[r.Shadow.DistanceScale:1.0]]
[2020.10.05-13.29.57:957][  0]LogConfig: Setting CVar [[r.Shadow.CSM.TransitionScale:1.0]]
[2020.10.05-13.29.57:957][  0]LogConfig: Setting CVar [[r.Shadow.PreShadowResolutionFactor:1.0]]
[2020.10.05-13.29.57:957][  0]LogConfig: Setting CVar [[r.DistanceFieldShadowing:1]]
[2020.10.05-13.29.57:957][  0]LogConfig: Setting CVar [[r.DistanceFieldAO:1]]
[2020.10.05-13.29.57:957][  0]LogConfig: Setting CVar [[r.AOQuality:2]]
[2020.10.05-13.29.57:957][  0]LogConfig: Setting CVar [[r.VolumetricFog:1]]
[2020.10.05-13.29.57:957][  0]LogConfig: Setting CVar [[r.VolumetricFog.GridPixelSize:8]]
[2020.10.05-13.29.57:957][  0]LogConfig: Setting CVar [[r.VolumetricFog.GridSizeZ:128]]
[2020.10.05-13.29.57:957][  0]LogConfig: Setting CVar [[r.VolumetricFog.HistoryMissSupersampleCount:4]]
[2020.10.05-13.29.57:957][  0]LogConfig: Setting CVar [[r.LightMaxDrawDistanceScale:1]]
[2020.10.05-13.29.57:957][  0]LogConfig: Setting CVar [[r.CapsuleShadows:1]]
[2020.10.05-13.29.57:957][  0]LogConfig: Applying CVar settings from Section [PostProcessQuality@3] File [C:/Users/user/Documents/GitHub/Alfraid/Alfraid/Saved/Config/Windows/Scalability.ini]
[2020.10.05-13.29.57:957][  0]LogConfig: Setting CVar [[r.MotionBlurQuality:4]]
[2020.10.05-13.29.57:957][  0]LogConfig: Setting CVar [[r.AmbientOcclusionMipLevelFactor:0.4]]
[2020.10.05-13.29.57:957][  0]LogConfig: Setting CVar [[r.AmbientOcclusionMaxQuality:100]]
[2020.10.05-13.29.57:957][  0]LogConfig: Setting CVar [[r.AmbientOcclusionLevels:-1]]
[2020.10.05-13.29.57:957][  0]LogConfig: Setting CVar [[r.AmbientOcclusionRadiusScale:1.0]]
[2020.10.05-13.29.57:957][  0]LogConfig: Setting CVar [[r.DepthOfFieldQuality:2]]
[2020.10.05-13.29.57:957][  0]LogConfig: Setting CVar [[r.RenderTargetPoolMin:400]]
[2020.10.05-13.29.57:957][  0]LogConfig: Setting CVar [[r.LensFlareQuality:2]]
[2020.10.05-13.29.57:957][  0]LogConfig: Setting CVar [[r.SceneColorFringeQuality:1]]
[2020.10.05-13.29.57:957][  0]LogConfig: Setting CVar [[r.EyeAdaptationQuality:2]]
[2020.10.05-13.29.57:957][  0]LogConfig: Setting CVar [[r.BloomQuality:5]]
[2020.10.05-13.29.57:957][  0]LogConfig: Setting CVar [[r.FastBlurThreshold:100]]
[2020.10.05-13.29.57:957][  0]LogConfig: Setting CVar [[r.Upscale.Quality:3]]
[2020.10.05-13.29.57:957][  0]LogConfig: Setting CVar [[r.Tonemapper.GrainQuantization:1]]
[2020.10.05-13.29.57:957][  0]LogConfig: Setting CVar [[r.LightShaftQuality:1]]
[2020.10.05-13.29.57:957][  0]LogConfig: Setting CVar [[r.Filter.SizeScale:1]]
[2020.10.05-13.29.57:957][  0]LogConfig: Setting CVar [[r.Tonemapper.Quality:5]]
[2020.10.05-13.29.57:957][  0]LogConfig: Setting CVar [[r.DOF.Gather.AccumulatorQuality:1        ; higher gathering accumulator quality]]
[2020.10.05-13.29.57:957][  0]LogConfig: Setting CVar [[r.DOF.Gather.PostfilterMethod:1          ; Median3x3 postfilering method]]
[2020.10.05-13.29.57:958][  0]LogConfig: Setting CVar [[r.DOF.Gather.EnableBokehSettings:0       ; no bokeh simulation when gathering]]
[2020.10.05-13.29.57:958][  0]LogConfig: Setting CVar [[r.DOF.Gather.RingCount:4                 ; medium number of samples when gathering]]
[2020.10.05-13.29.57:958][  0]LogConfig: Setting CVar [[r.DOF.Scatter.ForegroundCompositing:1    ; additive foreground scattering]]
[2020.10.05-13.29.57:958][  0]LogConfig: Setting CVar [[r.DOF.Scatter.BackgroundCompositing:2    ; additive background scattering]]
[2020.10.05-13.29.57:958][  0]LogConfig: Setting CVar [[r.DOF.Scatter.EnableBokehSettings:1      ; bokeh simulation when scattering]]
[2020.10.05-13.29.57:958][  0]LogConfig: Setting CVar [[r.DOF.Scatter.MaxSpriteRatio:0.1         ; only a maximum of 10% of scattered bokeh]]
[2020.10.05-13.29.57:958][  0]LogConfig: Setting CVar [[r.DOF.Recombine.Quality:1                ; cheap slight out of focus]]
[2020.10.05-13.29.57:958][  0]LogConfig: Setting CVar [[r.DOF.Recombine.EnableBokehSettings:0    ; no bokeh simulation on slight out of focus]]
[2020.10.05-13.29.57:958][  0]LogConfig: Setting CVar [[r.DOF.TemporalAAQuality:1                ; more stable temporal accumulation]]
[2020.10.05-13.29.57:958][  0]LogConfig: Setting CVar [[r.DOF.Kernel.MaxForegroundRadius:0.025]]
[2020.10.05-13.29.57:958][  0]LogConfig: Setting CVar [[r.DOF.Kernel.MaxBackgroundRadius:0.025]]
[2020.10.05-13.29.57:958][  0]LogConfig: Applying CVar settings from Section [TextureQuality@3] File [C:/Users/user/Documents/GitHub/Alfraid/Alfraid/Saved/Config/Windows/Scalability.ini]
[2020.10.05-13.29.57:958][  0]LogConfig: Setting CVar [[r.Streaming.MipBias:0]]
[2020.10.05-13.29.57:958][  0]LogConfig: Setting CVar [[r.Streaming.AmortizeCPUToGPUCopy:0]]
[2020.10.05-13.29.57:958][  0]LogConfig: Setting CVar [[r.Streaming.MaxNumTexturesToStreamPerFrame:0]]
[2020.10.05-13.29.57:958][  0]LogConfig: Setting CVar [[r.Streaming.Boost:1]]
[2020.10.05-13.29.57:958][  0]LogConfig: Setting CVar [[r.MaxAnisotropy:8]]
[2020.10.05-13.29.57:958][  0]LogConfig: Setting CVar [[r.VT.MaxAnisotropy:8]]
[2020.10.05-13.29.57:958][  0]LogConfig: Setting CVar [[r.Streaming.LimitPoolSizeToVRAM:0]]
[2020.10.05-13.29.57:958][  0]LogConfig: Setting CVar [[r.Streaming.PoolSize:1000]]
[2020.10.05-13.29.57:958][  0]LogConfig: Setting CVar [[r.Streaming.MaxEffectiveScreenSize:0]]
[2020.10.05-13.29.57:958][  0]LogConfig: Applying CVar settings from Section [EffectsQuality@3] File [C:/Users/user/Documents/GitHub/Alfraid/Alfraid/Saved/Config/Windows/Scalability.ini]
[2020.10.05-13.29.57:958][  0]LogConfig: Setting CVar [[r.TranslucencyLightingVolumeDim:64]]
[2020.10.05-13.29.57:958][  0]LogConfig: Setting CVar [[r.RefractionQuality:2]]
[2020.10.05-13.29.57:958][  0]LogConfig: Setting CVar [[r.SSR.Quality:3]]
[2020.10.05-13.29.57:958][  0]LogConfig: Setting CVar [[r.SSR.HalfResSceneColor:0]]
[2020.10.05-13.29.57:958][  0]LogConfig: Setting CVar [[r.SceneColorFormat:4]]
[2020.10.05-13.29.57:958][  0]LogConfig: Setting CVar [[r.DetailMode:2]]
[2020.10.05-13.29.57:958][  0]LogConfig: Setting CVar [[r.TranslucencyVolumeBlur:1]]
[2020.10.05-13.29.57:958][  0]LogConfig: Setting CVar [[r.MaterialQualityLevel:1 ; High quality]]
[2020.10.05-13.29.57:958][  0]LogConfig: Setting CVar [[r.SSS.Scale:1]]
[2020.10.05-13.29.57:958][  0]LogConfig: Setting CVar [[r.SSS.SampleSet:2]]
[2020.10.05-13.29.57:958][  0]LogConfig: Setting CVar [[r.SSS.Quality:1]]
[2020.10.05-13.29.57:958][  0]LogConfig: Setting CVar [[r.SSS.HalfRes:0]]
[2020.10.05-13.29.57:958][  0]LogConfig: Setting CVar [[r.SSGI.Quality:3]]
[2020.10.05-13.29.57:958][  0]LogConfig: Setting CVar [[r.EmitterSpawnRateScale:1.0]]
[2020.10.05-13.29.57:958][  0]LogConfig: Setting CVar [[r.ParticleLightQuality:2]]
[2020.10.05-13.29.57:958][  0]LogConfig: Setting CVar [[r.SkyAtmosphere.AerialPerspectiveLUT.FastApplyOnOpaque:1 ; Always have FastSkyLUT 1 in this case to avoid wrong sky]]
[2020.10.05-13.29.57:958][  0]LogConfig: Setting CVar [[r.SkyAtmosphere.AerialPerspectiveLUT.SampleCountPerSlice:1]]
[2020.10.05-13.29.57:958][  0]LogConfig: Setting CVar [[r.SkyAtmosphere.AerialPerspectiveLUT.DepthResolution:16.0]]
[2020.10.05-13.29.57:958][  0]LogConfig: Setting CVar [[r.SkyAtmosphere.FastSkyLUT:1]]
[2020.10.05-13.29.57:958][  0]LogConfig: Setting CVar [[r.SkyAtmosphere.FastSkyLUT.SampleCountMin:4.0]]
[2020.10.05-13.29.57:958][  0]LogConfig: Setting CVar [[r.SkyAtmosphere.FastSkyLUT.SampleCountMax:32.0]]
[2020.10.05-13.29.57:958][  0]LogConfig: Setting CVar [[r.SkyAtmosphere.SampleCountMin:4.0]]
[2020.10.05-13.29.57:958][  0]LogConfig: Setting CVar [[r.SkyAtmosphere.SampleCountMax:32.0]]
[2020.10.05-13.29.57:958][  0]LogConfig: Setting CVar [[r.SkyAtmosphere.TransmittanceLUT.UseSmallFormat:0]]
[2020.10.05-13.29.57:958][  0]LogConfig: Setting CVar [[r.SkyAtmosphere.TransmittanceLUT.SampleCount:10.0]]
[2020.10.05-13.29.57:958][  0]LogConfig: Setting CVar [[r.SkyAtmosphere.MultiScatteringLUT.SampleCount:15.0]]
[2020.10.05-13.29.57:958][  0]LogConfig: Applying CVar settings from Section [FoliageQuality@3] File [C:/Users/user/Documents/GitHub/Alfraid/Alfraid/Saved/Config/Windows/Scalability.ini]
[2020.10.05-13.29.57:958][  0]LogConfig: Setting CVar [[foliage.DensityScale:1.0]]
[2020.10.05-13.29.57:958][  0]LogConfig: Setting CVar [[grass.DensityScale:1.0]]
[2020.10.05-13.29.57:958][  0]LogConfig: Applying CVar settings from Section [ShadingQuality@3] File [C:/Users/user/Documents/GitHub/Alfraid/Alfraid/Saved/Config/Windows/Scalability.ini]
[2020.10.05-13.29.57:958][  0]LogConfig: Setting CVar [[r.HairStrands.SkyLighting.SampleCount:16]]
[2020.10.05-13.29.57:958][  0]LogConfig: Setting CVar [[r.HairStrands.SkyLighting.JitterIntegration:0]]
[2020.10.05-13.29.57:958][  0]LogConfig: Setting CVar [[r.HairStrands.SkyAO.SampleCount:16]]
[2020.10.05-13.29.57:958][  0]LogConfig: Setting CVar [[r.HairStrands.DeepShadow.SuperSampling:0]]
[2020.10.05-13.29.57:958][  0]LogConfig: Setting CVar [[r.HairStrands.VisibilityPPLL:0]]
[2020.10.05-13.29.57:958][  0]LogConfig: Setting CVar [[r.HairStrands.RasterizationScale:0.5]]
[2020.10.05-13.29.57:958][  0]LogConfig: Setting CVar [[r.HairStrands.VelocityRasterizationScale:1]]
[2020.10.05-13.29.57:958][  0]LogConfig: Applying CVar settings from Section [Startup] File [../../../Engine/Config/ConsoleVariables.ini]
[2020.10.05-13.29.57:958][  0]LogConfig: Setting CVar [[net.UseAdaptiveNetUpdateFrequency:0]]
[2020.10.05-13.29.57:958][  0]LogConfig: Setting CVar [[p.chaos.AllowCreatePhysxBodies:1]]
[2020.10.05-13.29.57:958][  0]LogConfig: Setting CVar [[fx.SkipVectorVMBackendOptimizations:1]]
[2020.10.05-13.29.57:958][  0]LogConfig: Applying CVar settings from Section [ConsoleVariables] File [C:/Users/user/Documents/GitHub/Alfraid/Alfraid/Saved/Config/Windows/Engine.ini]
[2020.10.05-13.29.57:958][  0]LogInit: Computer: DESKTOP-M69O3GK
[2020.10.05-13.29.57:958][  0]LogInit: User: user
[2020.10.05-13.29.57:958][  0]LogInit: CPU Page size=4096, Cores=4
[2020.10.05-13.29.57:958][  0]LogInit: High frequency timer resolution =10.000000 MHz
[2020.10.05-13.29.57:959][  0]LogMemory: Memory total: Physical=31.9GB (32GB approx)
[2020.10.05-13.29.57:959][  0]LogMemory: Platform Memory Stats for Windows
[2020.10.05-13.29.57:959][  0]LogMemory: Process Physical Memory: 114.93 MB used, 114.94 MB peak
[2020.10.05-13.29.57:959][  0]LogMemory: Process Virtual Memory: 99.98 MB used, 99.98 MB peak
[2020.10.05-13.29.57:959][  0]LogMemory: Physical Memory: 8200.62 MB used,  24464.59 MB free, 32665.21 MB total
[2020.10.05-13.29.57:959][  0]LogMemory: Virtual Memory: 5148.85 MB used,  134212576.00 MB free, 134217728.00 MB total
[2020.10.05-13.29.57:962][  0]LogWindows: WindowsPlatformFeatures enabled
[2020.10.05-13.29.57:983][  0]LogInit: Physics initialised using underlying interface: PhysX
[2020.10.05-13.29.57:983][  0]LogInit: Using OS detected language (en-US).
[2020.10.05-13.29.57:983][  0]LogInit: Using OS detected locale (en-US).
[2020.10.05-13.29.57:986][  0]LogTextLocalizationManager: No specific localization for 'en-US' exists, so the 'en' localization will be used.
[2020.10.05-13.29.58:134][  0]LogInit: Setting process to per monitor DPI aware
[2020.10.05-13.29.58:169][  0]LogSlate: New Slate User Created.  User Index 0, Is Virtual User: 0
[2020.10.05-13.29.58:169][  0]LogSlate: Slate User Registered.  User Index 0, Is Virtual User: 0
[2020.10.05-13.29.58:276][  0]LogHMD: Failed to initialize OpenVR with code 110
[2020.10.05-13.29.58:276][  0]LogD3D11RHI: D3D11 min allowed feature level: 11_0
[2020.10.05-13.29.58:276][  0]LogD3D11RHI: D3D11 max allowed feature level: 11_0
[2020.10.05-13.29.58:276][  0]LogD3D11RHI: D3D11 adapters:
[2020.10.05-13.29.58:336][  0]LogD3D11RHI:    0. 'Radeon Pro 580' (Feature Level 11_0)
[2020.10.05-13.29.58:336][  0]LogD3D11RHI:       8137/0/16332 MB DedicatedVideo/DedicatedSystem/SharedSystem, Outputs:1, VendorId:0x1002
[2020.10.05-13.29.58:338][  0]LogD3D11RHI:    1. 'Microsoft Basic Render Driver' (Feature Level 11_0)
[2020.10.05-13.29.58:338][  0]LogD3D11RHI:       0/0/16332 MB DedicatedVideo/DedicatedSystem/SharedSystem, Outputs:0, VendorId:0x1414
[2020.10.05-13.29.58:338][  0]LogD3D11RHI: Chosen D3D11 Adapter: 0
[2020.10.05-13.29.58:344][  0]LogD3D11RHI: Creating new Direct3DDevice
[2020.10.05-13.29.58:344][  0]LogD3D11RHI:     GPU DeviceId: 0x67df (for the marketing name, search the web for "GPU Device Id")
[2020.10.05-13.29.58:344][  0]LogWindows: EnumDisplayDevices:
[2020.10.05-13.29.58:344][  0]LogWindows:    0. 'Radeon Pro 580' (P:1 D:1)
[2020.10.05-13.29.58:345][  0]LogWindows:    1. 'Radeon Pro 580' (P:0 D:0)
[2020.10.05-13.29.58:345][  0]LogWindows:    2. 'Radeon Pro 580' (P:0 D:0)
[2020.10.05-13.29.58:345][  0]LogWindows:    3. 'Radeon Pro 580' (P:0 D:0)
[2020.10.05-13.29.58:346][  0]LogWindows:    4. 'Radeon Pro 580' (P:0 D:0)
[2020.10.05-13.29.58:346][  0]LogWindows:    5. 'Radeon Pro 580' (P:0 D:0)
[2020.10.05-13.29.58:346][  0]LogWindows:    6. 'Radeon Pro 580' (P:0 D:0)
[2020.10.05-13.29.58:347][  0]LogWindows:    7. 'Radeon Pro 580' (P:0 D:0)
[2020.10.05-13.29.58:347][  0]LogWindows: DebugString: FoundDriverCount:8 
[2020.10.05-13.29.58:347][  0]LogD3D11RHI:     Adapter Name: Radeon Pro 580
[2020.10.05-13.29.58:347][  0]LogD3D11RHI:   Driver Version: Adrenalin 19.30.01.53 (internal:26.20.13001.53002, unified:26.20.13001.53002)
[2020.10.05-13.29.58:347][  0]LogD3D11RHI:      Driver Date: 1-8-2020
[2020.10.05-13.29.58:347][  0]LogRHI: Texture pool is 5158 MB (70% of 7369 MB)
[2020.10.05-13.29.58:422][  0]LogD3D11RHI: RHI does not have support for 64 bit atomics
[2020.10.05-13.29.58:422][  0]LogD3D11RHI: Async texture creation enabled
[2020.10.05-13.29.58:422][  0]LogD3D11RHI: Array index from any shader is supported
[2020.10.05-13.29.58:435][  0]LogD3D11RHI: GPU Timing Frequency: 25.000000 (Debug: 2 1)
[2020.10.05-13.29.58:675][  0]LogTargetPlatformManager: Display: Loaded TargetPlatform 'AllDesktop'
[2020.10.05-13.29.58:693][  0]LogTargetPlatformManager: Display: Loaded TargetPlatform 'Android'
[2020.10.05-13.29.58:693][  0]LogTargetPlatformManager: Display: Loaded TargetPlatform 'Android_ASTC'
[2020.10.05-13.29.58:693][  0]LogTargetPlatformManager: Display: Loaded TargetPlatform 'Android_DXT'
[2020.10.05-13.29.58:693][  0]LogTargetPlatformManager: Display: Loaded TargetPlatform 'Android_ETC2'
[2020.10.05-13.29.58:693][  0]LogTargetPlatformManager: Display: Loaded TargetPlatform 'AndroidClient'
[2020.10.05-13.29.58:693][  0]LogTargetPlatformManager: Display: Loaded TargetPlatform 'Android_ASTCClient'
[2020.10.05-13.29.58:693][  0]LogTargetPlatformManager: Display: Loaded TargetPlatform 'Android_DXTClient'
[2020.10.05-13.29.58:693][  0]LogTargetPlatformManager: Display: Loaded TargetPlatform 'Android_ETC2Client'
[2020.10.05-13.29.58:693][  0]LogTargetPlatformManager: Display: Loaded TargetPlatform 'Android_Multi'
[2020.10.05-13.29.58:693][  0]LogTargetPlatformManager: Display: Loaded TargetPlatform 'Android_MultiClient'
[2020.10.05-13.29.58:714][  0]LogTargetPlatformManager: Display: Loaded TargetPlatform 'IOSClient'
[2020.10.05-13.29.58:714][  0]LogTargetPlatformManager: Display: Loaded TargetPlatform 'IOS'
[2020.10.05-13.29.58:723][  0]LogTargetPlatformManager: Display: Loaded TargetPlatform 'Linux'
[2020.10.05-13.29.58:731][  0]LogTargetPlatformManager: Display: Loaded TargetPlatform 'LinuxNoEditor'
[2020.10.05-13.29.58:738][  0]LogTargetPlatformManager: Display: Loaded TargetPlatform 'LinuxClient'
[2020.10.05-13.29.58:746][  0]LogTargetPlatformManager: Display: Loaded TargetPlatform 'LinuxServer'
[2020.10.05-13.29.58:753][  0]LogTargetPlatformManager: Display: Loaded TargetPlatform 'LinuxAArch64NoEditor'
[2020.10.05-13.29.58:761][  0]LogTargetPlatformManager: Display: Loaded TargetPlatform 'LinuxAArch64Client'
[2020.10.05-13.29.58:768][  0]LogTargetPlatformManager: Display: Loaded TargetPlatform 'LinuxAArch64Server'
[2020.10.05-13.29.58:789][  0]LogTargetPlatformManager: Display: Loaded TargetPlatform 'Lumin'
[2020.10.05-13.29.58:789][  0]LogTargetPlatformManager: Display: Loaded TargetPlatform 'LuminClient'
[2020.10.05-13.29.58:802][  0]LogTargetPlatformManager: Display: Loaded TargetPlatform 'TVOSClient'
[2020.10.05-13.29.58:802][  0]LogTargetPlatformManager: Display: Loaded TargetPlatform 'TVOS'
[2020.10.05-13.29.58:810][  0]LogTargetPlatformManager: Display: Loaded TargetPlatform 'WindowsNoEditor'
[2020.10.05-13.29.58:818][  0]LogTargetPlatformManager: Display: Loaded TargetPlatform 'Windows'
[2020.10.05-13.29.58:825][  0]LogTargetPlatformManager: Display: Loaded TargetPlatform 'WindowsClient'
[2020.10.05-13.29.58:833][  0]LogTargetPlatformManager: Display: Loaded TargetPlatform 'WindowsServer'
[2020.10.05-13.29.58:833][  0]LogTargetPlatformManager: Display: Building Assets For Windows
[2020.10.05-13.29.58:839][  0]LogAudioDebug: Display: Lib vorbis DLL was dynamically loaded.
[2020.10.05-13.29.58:889][  0]LogShaderCompilers: Guid format shader working directory is -17 characters bigger than the processId version (../../../../../../Users/user/Documents/GitHub/Alfraid/Alfraid/Intermediate/Shaders/WorkingDirectory/11716/).
[2020.10.05-13.29.58:889][  0]LogShaderCompilers: Cleaned the shader compiler working directory 'C:/Users/user/AppData/Local/Temp/UnrealShaderWorkingDir/CC7AA57245ADA74FA4F595B8005DED8A/'.
[2020.10.05-13.29.58:889][  0]LogXGEController: Cannot use XGE Controller as Incredibuild is not installed on this machine.
[2020.10.05-13.29.58:889][  0]LogShaderCompilers: Cannot use XGE Shader Compiler as Incredibuild is not installed on this machine.
[2020.10.05-13.29.58:889][  0]LogShaderCompilers: Display: Using Local Shader Compiler.
[2020.10.05-13.29.59:521][  0]LogDerivedDataCache: Display: Max Cache Size: 512 MB
[2020.10.05-13.29.59:567][  0]LogDerivedDataCache: Loaded boot cache 0.05s 76MB C:/Users/user/AppData/Local/UnrealEngine/4.25/DerivedDataCache/Boot.ddc.
[2020.10.05-13.29.59:567][  0]LogDerivedDataCache: Display: Loaded Boot cache: C:/Users/user/AppData/Local/UnrealEngine/4.25/DerivedDataCache/Boot.ddc
[2020.10.05-13.29.59:567][  0]LogDerivedDataCache: FDerivedDataBackendGraph:  Pak pak cache file ../../../../../../Users/user/Documents/GitHub/Alfraid/Alfraid/DerivedDataCache/DDC.ddp not found, will not use a pak cache.
[2020.10.05-13.29.59:567][  0]LogDerivedDataCache: Unable to find inner node Pak for hierarchical cache Hierarchy.
[2020.10.05-13.29.59:567][  0]LogDerivedDataCache: FDerivedDataBackendGraph:  CompressedPak pak cache file ../../../../../../Users/user/Documents/GitHub/Alfraid/Alfraid/DerivedDataCache/Compressed.ddp not found, will not use a pak cache.
[2020.10.05-13.29.59:567][  0]LogDerivedDataCache: Unable to find inner node CompressedPak for hierarchical cache Hierarchy.
[2020.10.05-13.29.59:576][  0]LogDerivedDataCache: Display: Pak cache opened for reading ../../../Engine/DerivedDataCache/Compressed.ddp.
[2020.10.05-13.29.59:576][  0]LogDerivedDataCache: FDerivedDataBackendGraph:  EnterprisePak pak cache file ../../../Enterprise/DerivedDataCache/Compressed.ddp not found, will not use a pak cache.
[2020.10.05-13.29.59:576][  0]LogDerivedDataCache: Unable to find inner node EnterprisePak for hierarchical cache Hierarchy.
[2020.10.05-13.29.59:577][  0]LogDerivedDataCache: Using Local data cache path C:/Users/user/AppData/Local/UnrealEngine/Common/DerivedDataCache: Writable
[2020.10.05-13.29.59:577][  0]LogDerivedDataCache: Shared data cache path not found in *engine.ini, will not use an Shared cache.
[2020.10.05-13.29.59:577][  0]LogDerivedDataCache: Unable to find inner node Shared for hierarchical cache Hierarchy.
[2020.10.05-13.29.59:619][  0]LogSlate: Using FreeType 2.10.0
[2020.10.05-13.29.59:619][  0]LogSlate: SlateFontServices - WITH_FREETYPE: 1, WITH_HARFBUZZ: 1
[2020.10.05-13.29.59:640][  0]LogAssetRegistry: FAssetRegistry took 0.0024 seconds to start up
[2020.10.05-13.29.59:908][  0]LogInit: Selected Device Profile: [Windows]
[2020.10.05-13.29.59:999][  0]LogMeshReduction: Using QuadricMeshReduction for automatic static mesh reduction
[2020.10.05-13.29.59:999][  0]LogMeshReduction: Using SimplygonMeshReduction for automatic skeletal mesh reduction
[2020.10.05-13.29.59:999][  0]LogMeshReduction: Using ProxyLODMeshReduction for automatic mesh merging
[2020.10.05-13.29.59:999][  0]LogMeshReduction: No distributed automatic mesh merging module available
[2020.10.05-13.29.59:999][  0]LogMeshMerging: No distributed automatic mesh merging module available
[2020.10.05-13.30.00:012][  0]LogNetVersion: Alfraid 1.0.0, NetCL: 13144385, EngineNetVer: 14, GameNetVer: 0 (Checksum: 1631229379)
[2020.10.05-13.30.00:357][  0]LogAISub: UAISubsystem::UAISubsystem AISubsystem (000001ADD161C380), frame # 0
[2020.10.05-13.30.00:357][  0]LogAISub: UAISubsystem::UAISubsystem AIPerceptionSystem (000001ADD153FC40), frame # 0
[2020.10.05-13.30.00:358][  0]LogAISub: UAISubsystem::UAISubsystem EnvQueryManager (000001ADD15A9E00), frame # 0
[2020.10.05-13.30.00:411][  0]LogPackageLocalizationCache: Processed 19 localized package path(s) for 1 prioritized culture(s) in 0.048045 seconds
[2020.10.05-13.30.00:417][  0]LogUObjectArray: 15917 objects as part of root set at end of initial load.
[2020.10.05-13.30.00:417][  0]LogUObjectAllocator: 3965568 out of 0 bytes used by permanent object pool.
[2020.10.05-13.30.00:417][  0]LogUObjectArray: CloseDisregardForGC: 0/0 objects in disregard for GC pool
[2020.10.05-13.30.00:689][  0]LogTcpMessaging: Initializing TcpMessaging bridge
[2020.10.05-13.30.00:693][  0]LogUdpMessaging: Initializing bridge on interface 0.0.0.0:0 to multicast group 230.0.0.1:6666.
[2020.10.05-13.30.00:773][  0]SourceControl: Source control is disabled
[2020.10.05-13.30.00:773][  0]SourceControl: Source control is disabled
[2020.10.05-13.30.00:776][  0]SourceControl: Source control is disabled
[2020.10.05-13.30.00:778][  0]SourceControl: Source control is disabled
[2020.10.05-13.30.00:782][  0]SourceControl: Source control is disabled
[2020.10.05-13.30.00:793][  0]LogVSAccessor: Display: Unable to create Visual Studio setup instance: 80040154
[2020.10.05-13.30.00:793][  0]LogVSAccessor: Display: Unable to create Visual Studio setup instance: 80040154
[2020.10.05-13.30.00:978][  0]LogAndroidPermission: UAndroidPermissionCallbackProxy::GetInstance
[2020.10.05-13.30.00:994][  0]LogAudioCaptureCore: Display: No Audio Capture implementations found. Audio input will be silent.
[2020.10.05-13.30.00:994][  0]LogAudioCaptureCore: Display: No Audio Capture implementations found. Audio input will be silent.
[2020.10.05-13.30.01:034][  0]LogOcInput: OculusInput pre-init called
[2020.10.05-13.30.01:043][  0]LogWindows: Failed to load 'OVRPlugin.dll' (GetLastError=126)
[2020.10.05-13.30.01:043][  0]LogWindows: File 'OVRPlugin.dll' does not exist
[2020.10.05-13.30.01:092][  0]LogEngine: Initializing Engine...
[2020.10.05-13.30.01:092][  0]LogHMD: Failed to initialize OpenVR with code 110
[2020.10.05-13.30.01:092][  0]LogMagicLeap: Warning: VR disabled because ZI is not enabled.  To enable, in the editor, Edit -> Project Settings -> Plugins -> Magic Leap Plugin -> Enable Zero Iteration
[2020.10.05-13.30.01:093][  0]LogStats: UGameplayTagsManager::InitializeManager -  0.000 s
[2020.10.05-13.30.01:197][  0]LogInit: Initializing FReadOnlyCVARCache
[2020.10.05-13.30.01:202][  0]LogAIModule: Creating AISystem for world Untitled
[2020.10.05-13.30.01:202][  0]LogAISub: UAISubsystem::UAISubsystem EnvQueryManager (000001ADEA7DC800), frame # 0
[2020.10.05-13.30.01:202][  0]LogAISub: UAISubsystem::UAISubsystem AIPerceptionSystem (000001ADEA7F5580), frame # 0
[2020.10.05-13.30.01:219][  0]LogAudioMixer: Display: Audio Mixer Platform Settings:
[2020.10.05-13.30.01:220][  0]LogAudioMixer: Display: 	Sample Rate:						  48000
[2020.10.05-13.30.01:220][  0]LogAudioMixer: Display: 	Callback Buffer Frame Size Requested: 1024
[2020.10.05-13.30.01:220][  0]LogAudioMixer: Display: 	Callback Buffer Frame Size To Use:	  1024
[2020.10.05-13.30.01:220][  0]LogAudioMixer: Display: 	Number of buffers to queue:			  2
[2020.10.05-13.30.01:220][  0]LogAudioMixer: Display: 	Max Channels (voices):				  32
[2020.10.05-13.30.01:220][  0]LogAudioMixer: Display: 	Number of Async Source Workers:		  0
[2020.10.05-13.30.01:220][  0]LogAudio: Display: AudioDevice MaxSources: 32
[2020.10.05-13.30.01:220][  0]LogAudio: Display: Using built-in audio occlusion.
[2020.10.05-13.30.01:220][  0]LogAudioMixer: Display: Initializing audio mixer.
[2020.10.05-13.30.01:228][  0]LogAudioMixer: Display: 0: FrontLeft
[2020.10.05-13.30.01:228][  0]LogAudioMixer: Display: 1: FrontRight
[2020.10.05-13.30.01:252][  0]LogAudioMixer: Display: Using Audio Device Headphones (Cirrus Logic CS8409 (AB 16))
[2020.10.05-13.30.01:254][  0]LogAudioMixer: Display: Initializing Sound Submixes...
[2020.10.05-13.30.01:256][  0]LogAudioMixer: Display: Creating Master Submix 'MasterSubmixDefault'
[2020.10.05-13.30.01:256][  0]LogAudioMixer: Display: Creating Master Submix 'MasterReverbSubmixDefault'
[2020.10.05-13.30.01:257][  0]LogAudioMixer: Display: Creating Master Submix 'MasterEQSubmixDefault'
[2020.10.05-13.30.01:257][  0]LogInit: FAudioDevice initialized.
[2020.10.05-13.30.01:257][  0]LogNetVersion: Set ProjectVersion to 1.0.0.0. Version Checksum will be recalculated on next use.
[2020.10.05-13.30.01:310][  0]LogDerivedDataCache: Saved boot cache 0.05s 76MB C:/Users/user/AppData/Local/UnrealEngine/4.25/DerivedDataCache/Boot.ddc.
[2020.10.05-13.30.01:313][  0]LogInit: Texture streaming: Enabled
[2020.10.05-13.30.01:326][  0]LogEngineSessionManager: EngineSessionManager initialized
[2020.10.05-13.30.01:326][  0]LogEditorSessionSummary: Verbose: Initializing EditorSessionSummaryWriter for editor session tracking
[2020.10.05-13.30.01:327][  0]LogEditorSessionSummary: EditorSessionSummaryWriter initialized
[2020.10.05-13.30.01:371][  0]LogInit: Transaction tracking system initialized
[2020.10.05-13.30.01:388][  0]BlueprintLog: New page: Editor Load
[2020.10.05-13.30.01:440][  0]LocalizationService: Localization service is disabled
[2020.10.05-13.30.01:507][  0]LogVSAccessor: Display: Unable to create Visual Studio setup instance: 80040154
[2020.10.05-13.30.01:507][  0]LogVSAccessor: Display: Unable to create Visual Studio setup instance: 80040154
[2020.10.05-13.30.01:572][  0]LogCook: Display: Max memory allowance for cook 16384mb min free memory 0mb
[2020.10.05-13.30.01:572][  0]LogCook: Display: Mobile HDR setting 1
[2020.10.05-13.30.01:678][  0]LogFileCache: Scanning file cache for directory 'C:/Users/user/Documents/GitHub/Alfraid/Alfraid/Content/' took 0.00s
[2020.10.05-13.30.01:862][  0]SourceControl: Source control is disabled
[2020.10.05-13.30.01:862][  0]LogUnrealEdMisc: Loading editor; pre map load, took 5.170
[2020.10.05-13.30.01:862][  0]Cmd: MAP LOAD FILE="../../../../../../Users/user/Documents/GitHub/Alfraid/Alfraid/Content/ThirdPersonBP/Maps/ThirdPersonExampleMap.umap" TEMPLATE=0 SHOWPROGRESS=1 FEATURELEVEL=3
[2020.10.05-13.30.01:862][  0]LogEditorServer: Warning: Can't find file '../../../../../../Users/user/Documents/GitHub/Alfraid/Alfraid/Content/ThirdPersonBP/Maps/ThirdPersonExampleMap.umap'
[2020.10.05-13.30.01:863][  0]Cmd: MAP CHECKDEP NOCLEARLOG
[2020.10.05-13.30.01:863][  0]MapCheck: Map check complete: 0 Error(s), 0 Warning(s), took 0.181ms to complete.
[2020.10.05-13.30.01:863][  0]LogFileHelpers: Loading map 'ThirdPersonExampleMap' took 0.001
[2020.10.05-13.30.01:864][  0]LogUnrealEdMisc: Total Editor Startup Time, took 5.172
[2020.10.05-13.30.01:982][  0]LogCollectionManager: Loaded 0 collections in 0.001436 seconds
[2020.10.05-13.30.01:994][  0]LogFileCache: Scanning file cache for directory 'C:/Users/user/Documents/GitHub/Alfraid/Alfraid/Saved/Collections/' took 0.00s
[2020.10.05-13.30.01:994][  0]LogFileCache: Scanning file cache for directory 'C:/Users/user/Documents/GitHub/Alfraid/Alfraid/Content/Developers/user/Collections/' took 0.00s
[2020.10.05-13.30.01:994][  0]LogFileCache: Scanning file cache for directory 'C:/Users/user/Documents/GitHub/Alfraid/Alfraid/Content/Collections/' took 0.00s
[2020.10.05-13.30.01:994][  0]LogContentBrowser: Native class hierarchy populated in 0.0077 seconds. Added 3427 classes and 821 folders.
[2020.10.05-13.30.01:996][  0]LogContentBrowser: Native class hierarchy updated for 'WidgetCarousel' in 0.0002 seconds. Added 0 classes and 0 folders.
[2020.10.05-13.30.02:221][  0]LogContentBrowser: Native class hierarchy updated for 'AddContentDialog' in 0.0002 seconds. Added 0 classes and 0 folders.
[2020.10.05-13.30.02:252][  0]LogSlate: Updating window title bar state: overlay mode, drag disabled, window buttons hidden, title bar hidden
[2020.10.05-13.30.02:260][  0]LogSlate: Updating window title bar state: overlay mode, drag disabled, window buttons hidden, title bar hidden
[2020.10.05-13.30.02:265][  0]LogSlate: Updating window title bar state: overlay mode, drag disabled, window buttons hidden, title bar hidden
[2020.10.05-13.30.02:271][  0]LogSlate: Updating window title bar state: overlay mode, drag disabled, window buttons hidden, title bar hidden
[2020.10.05-13.30.02:277][  0]LogContentBrowser: Native class hierarchy updated for 'SceneOutliner' in 0.0002 seconds. Added 2 classes and 0 folders.
[2020.10.05-13.30.02:292][  0]LogContentBrowser: Native class hierarchy updated for 'HierarchicalLODOutliner' in 0.0004 seconds. Added 0 classes and 0 folders.
[2020.10.05-13.30.02:292][  0]LogLoad: (Engine Initialization) Total time: 5.60 seconds
[2020.10.05-13.30.02:292][  0]LogLoad: (Engine Initialization) Total Blueprint compile time: 0.00 seconds
[2020.10.05-13.30.02:328][  0]LogAssetRegistry: Asset discovery search completed in 2.6890 seconds
[2020.10.05-13.30.02:331][  0]LogCollectionManager: Fixed up redirectors for 0 collections in 0.000002 seconds (updated 0 objects)
[2020.10.05-13.30.02:331][  0]LogContentStreaming: Texture pool size now 1000 MB
[2020.10.05-13.30.02:335][  0]LogSlate: Took 0.000127 seconds to synchronously load lazily loaded font '../../../Engine/Content/Slate/Fonts/Roboto-Regular.ttf' (155K)
[2020.10.05-13.30.02:337][  0]LogSlate: Took 0.000121 seconds to synchronously load lazily loaded font '../../../Engine/Content/Slate/Fonts/Roboto-Bold.ttf' (160K)
[2020.10.05-13.30.02:342][  0]LogSlate: Took 0.004194 seconds to synchronously load lazily loaded font '../../../Engine/Content/Editor/Slate/Fonts/FontAwesome.ttf' (139K)
[2020.10.05-13.30.02:459][  1]LogRenderer: Reallocating scene render targets to support 756x676 Format 10 NumSamples 1 (Frame:1).
[2020.10.05-13.40.17:012][409]LogSlate: Took 0.003895 seconds to synchronously load lazily loaded font '../../../Engine/Content/Slate/Fonts/Roboto-Light.ttf' (167K)
[2020.10.05-13.40.17:358][409]LogAssetEditorSubsystem: Opening Asset editor for World /Game/AlfraidWork/Levels-Worlds/Level1.Level1
[2020.10.05-13.40.17:367][409]LogUObjectHash: Compacting FUObjectHashTables data took   0.80ms
[2020.10.05-13.40.17:369][409]Cmd: MAP LOAD FILE="../../../../../../Users/user/Documents/GitHub/Alfraid/Alfraid/Content/AlfraidWork/Levels-Worlds/Level1.umap" TEMPLATE=0 SHOWPROGRESS=1 FEATURELEVEL=3
[2020.10.05-13.40.17:369][409]LightingResults: New page: Lighting Build
[2020.10.05-13.40.17:369][409]LogContentBrowser: Native class hierarchy updated for 'StatsViewer' in 0.0002 seconds. Added 6 classes and 0 folders.
[2020.10.05-13.40.17:369][409]LoadErrors: New page: Loading map: Level1.umap
[2020.10.05-13.40.17:404][409]LogWorld: UWorld::CleanupWorld for Untitled, bSessionEnded=true, bCleanupResources=true
[2020.10.05-13.40.17:404][409]LogSlate: InvalidateAllWidgets triggered.  All widgets were invalidated
[2020.10.05-13.40.17:404][409]MapCheck: New page: Map Check
[2020.10.05-13.40.17:404][409]LightingResults: New page: Lighting Build
[2020.10.05-13.40.17:411][409]LogAISub: UAISubsystem::~UAISubsystem EnvQueryManager (000001ADEA7DC800), frame # 3409
[2020.10.05-13.40.17:411][409]LogAISub: UAISubsystem::~UAISubsystem AIPerceptionSystem (000001ADEA7F5580), frame # 3409
[2020.10.05-13.40.17:412][409]LogUObjectHash: Compacting FUObjectHashTables data took   0.54ms
[2020.10.05-13.40.17:420][409]LogEditorServer: Finished looking for orphan Actors (0.000 secs)
[2020.10.05-13.40.17:420][409]LogAIModule: Creating AISystem for world Level1
[2020.10.05-13.40.17:421][409]LogAISub: UAISubsystem::UAISubsystem EnvQueryManager (000001ADEA7DF000), frame # 3409
[2020.10.05-13.40.17:421][409]LogAISub: UAISubsystem::UAISubsystem AIPerceptionSystem (000001ADF6688680), frame # 3409
[2020.10.05-13.40.17:429][409]LogUObjectHash: Compacting FUObjectHashTables data took   0.51ms
[2020.10.05-13.40.17:457][409]Cmd: MAP CHECKDEP NOCLEARLOG
[2020.10.05-13.40.17:458][409]MapCheck: Map check complete: 0 Error(s), 0 Warning(s), took 1.169ms to complete.
[2020.10.05-13.40.17:458][409]LogFileHelpers: Loading map 'Level1' took 0.089
[2020.10.05-13.40.42:754][840]LogRenderer: Reallocating scene render targets to support 1464x1284 Format 10 NumSamples 1 (Frame:373).
[2020.10.05-13.41.02:367][753]LogEditorViewport: Clicking on Actor (context menu): Door_Wall_C (Door_Wall)
[2020.10.05-13.41.08:595][441]LogEditorViewport: Clicking on Actor (context menu): Door_Wall_C (Door_Wall)
[2020.10.05-13.41.10:977][681]LogEditorViewport: Clicking on Actor (context menu): Door_Wall_C (Door_Wall)
[2020.10.05-13.41.12:075][797]LogAssetEditorSubsystem: Opening Asset editor for Blueprint /Game/AlfraidWork/InteractObjects/Door_Wall.Door_Wall
[2020.10.05-13.41.12:544][797]LogContentBrowser: Native class hierarchy updated for 'BlueprintGraph' in 0.0005 seconds. Added 125 classes and 0 folders.
[2020.10.05-13.41.13:390][797]LogSlate: Took 0.000144 seconds to synchronously load lazily loaded font '../../../Engine/Content/Slate/Fonts/Roboto-BoldCondensed.ttf' (158K)
[2020.10.05-13.41.16:633][ 17]LogRenderer: Reallocating scene render targets to support 1528x1284 Format 10 NumSamples 1 (Frame:1).
[2020.10.05-13.41.47:008][ 82]LogSlate: Took 0.004651 seconds to synchronously load lazily loaded font '../../../Engine/Content/Slate/Fonts/Roboto-Italic.ttf' (157K)
[2020.10.05-13.43.05:460][474]BlueprintLog: New page: Compile Door_Wall
[2020.10.05-13.43.05:525][474]LogUObjectHash: Compacting FUObjectHashTables data took   3.11ms
[2020.10.05-13.43.05:577][474]LogSlate: Took 0.005776 seconds to synchronously load lazily loaded font '../../../Engine/Content/Slate/Fonts/DroidSansMono.ttf' (77K)
[2020.10.05-13.43.06:021][495]LogSavePackage: Moving '../../../../../../Users/user/Documents/GitHub/Alfraid/Alfraid/Saved/Door_Wall196C79BF468CF9B5C78E779953249D0F.tmp' to '../../../../../../Users/user/Documents/GitHub/Alfraid/Alfraid/Content/AlfraidWork/InteractObjects/Door_Wall.uasset'
[2020.10.05-13.43.06:040][495]AssetCheck: New page: Asset Save: Door_Wall
[2020.10.05-13.43.06:040][495]LogContentValidation: Display: Validating Blueprint /Game/AlfraidWork/InteractObjects/Door_Wall.Door_Wall
[2020.10.05-13.43.09:192][709]LogSlate: Window 'Door_Wall' being destroyed
[2020.10.05-13.43.21:105][787]LogEditorViewport: Clicking on Actor (LMB): Door_Wall_C (Door_Wall)
[2020.10.05-13.43.45:971][976]Cmd: SELECT NONE
[2020.10.05-13.44.24:669][236]LogEditorViewport: Clicking Background
[2020.10.05-13.44.29:557][703]LogEditorViewport: Clicking on Actor (LMB): StaticMeshActor (Cube)
[2020.10.05-13.44.35:256][267]LogEditorViewport: Clicking Background
[2020.10.05-13.44.38:369][560]LogEditorViewport: Clicking on Actor (LMB): Door_Wall_C (Door_Wall)
[2020.10.05-13.44.41:929][912]LogEditorViewport: Clicking on Actor (LMB): Door_Wall_C (Door_Wall)
[2020.10.05-13.44.42:877][989]LogEditorViewport: Clicking Background
[2020.10.05-13.44.54:701][242]LogEditorViewport: Clicking on Actor (LMB): StaticMeshActor (Cube2)
[2020.10.05-13.45.01:824][937]LogEditorViewport: Clicking on Actor (context menu): StaticMeshActor (Cube)
[2020.10.05-13.45.03:055][ 73]LogEditorViewport: Clicking on Actor (context menu): StaticMeshActor (Cube3)
[2020.10.05-13.45.03:779][147]LogEditorViewport: Clicking on Actor (context menu): StaticMeshActor (Cube3)
[2020.10.05-13.45.05:177][304]LogEditorViewport: Clicking on Actor (LMB): StaticMeshActor (Cube)
[2020.10.05-13.45.16:197][379]LogActorFactory: Actor Factory created Cube
[2020.10.05-13.45.19:195][711]LogActorFactory: Actor Factory created Cube
[2020.10.05-13.45.28:442][604]LogEditorViewport: Clicking Background
[2020.10.05-13.45.30:636][818]LogEditorViewport: Clicking on Actor (LMB): StaticMeshActor (Cube4)
[2020.10.05-13.46.02:456][297]LogEditorViewport: Clicking Background
[2020.10.05-13.46.11:025][211]LogEditorViewport: Clicking on Actor (LMB): StaticMeshActor (Cube2)
[2020.10.05-13.46.15:069][642]Cmd: EDIT COPY
[2020.10.05-13.46.15:737][714]Cmd: EDIT PASTE
[2020.10.05-13.47.13:820][315]LogEditorViewport: Clicking on Actor (LMB): Door_Wall_C (Door_Wall)
[2020.10.05-13.48.17:646][604]LogEditorViewport: Clicking Background
[2020.10.05-13.48.19:663][787]LogEditorViewport: Clicking on Actor (LMB): Door_Wall_C (Door_Wall)
[2020.10.05-13.48.28:711][625]LogTemp: Repeating last play command: Selected Viewport
[2020.10.05-13.48.28:726][625]LogPlayLevel: PlayLevel: No blueprints needed recompiling
[2020.10.05-13.48.28:726][625]PIE: New page: PIE session: Level1 (Oct 5, 2020, 1:48:28 AM)
[2020.10.05-13.48.28:727][625]LogOnline: OSS: Creating online subsystem instance for: NULL
[2020.10.05-13.48.28:727][625]LogOnline: OSS: TryLoadSubsystemAndSetDefault: Loaded subsystem for module [NULL]
[2020.10.05-13.48.28:727][625]LogPlayLevel: Creating play world package: /Game/AlfraidWork/Levels-Worlds/UEDPIE_0_Level1
[2020.10.05-13.48.28:729][625]LogPlayLevel: PIE: StaticDuplicateObject took: (0.001445s)
[2020.10.05-13.48.28:730][625]LogAIModule: Creating AISystem for world Level1
[2020.10.05-13.48.28:730][625]LogAISub: UAISubsystem::UAISubsystem EnvQueryManager (000001AE02B0FA00), frame # 37625
[2020.10.05-13.48.28:730][625]LogAISub: UAISubsystem::UAISubsystem AIPerceptionSystem (000001ADA5ECD1C0), frame # 37625
[2020.10.05-13.48.28:730][625]LogPlayLevel: PIE: World Init took: (0.000876s)
[2020.10.05-13.48.28:730][625]LogPlayLevel: PIE: Created PIE world by copying editor world from /Game/AlfraidWork/Levels-Worlds/Level1.Level1 to /Game/AlfraidWork/Levels-Worlds/UEDPIE_0_Level1.Level1 (0.002410s)
[2020.10.05-13.48.28:758][625]LogUObjectHash: Compacting FUObjectHashTables data took   2.71ms
[2020.10.05-13.48.28:764][625]LogAudioMixer: Display: Audio Mixer Platform Settings:
[2020.10.05-13.48.28:764][625]LogAudioMixer: Display: 	Sample Rate:						  48000
[2020.10.05-13.48.28:764][625]LogAudioMixer: Display: 	Callback Buffer Frame Size Requested: 1024
[2020.10.05-13.48.28:764][625]LogAudioMixer: Display: 	Callback Buffer Frame Size To Use:	  1024
[2020.10.05-13.48.28:764][625]LogAudioMixer: Display: 	Number of buffers to queue:			  2
[2020.10.05-13.48.28:764][625]LogAudioMixer: Display: 	Max Channels (voices):				  32
[2020.10.05-13.48.28:764][625]LogAudioMixer: Display: 	Number of Async Source Workers:		  0
[2020.10.05-13.48.28:764][625]LogAudio: Display: AudioDevice MaxSources: 32
[2020.10.05-13.48.28:764][625]LogAudio: Display: Using built-in audio occlusion.
[2020.10.05-13.48.28:764][625]LogAudioMixer: Display: Initializing audio mixer.
[2020.10.05-13.48.28:767][625]LogAudioMixer: Display: 0: FrontLeft
[2020.10.05-13.48.28:767][625]LogAudioMixer: Display: 1: FrontRight
[2020.10.05-13.48.28:779][625]LogAudioMixer: Display: Using Audio Device Headphones (Cirrus Logic CS8409 (AB 16))
[2020.10.05-13.48.28:779][625]LogAudioMixer: Display: Initializing Sound Submixes...
[2020.10.05-13.48.28:779][625]LogAudioMixer: Display: Creating Master Submix 'MasterSubmixDefault'
[2020.10.05-13.48.28:779][625]LogAudioMixer: Display: Creating Master Submix 'MasterReverbSubmixDefault'
[2020.10.05-13.48.28:779][625]LogAudioMixer: Display: Creating Master Submix 'MasterEQSubmixDefault'
[2020.10.05-13.48.28:789][625]LogInit: FAudioDevice initialized.
[2020.10.05-13.48.28:803][625]LogLoad: Game class is 'ThirdPersonGameMode_C'
[2020.10.05-13.48.28:805][625]LogWorld: Bringing World /Game/AlfraidWork/Levels-Worlds/UEDPIE_0_Level1.Level1 up for play (max tick rate 0) at 2020.10.05-07.48.28
[2020.10.05-13.48.28:805][625]LogWorld: Bringing up level for play took: 0.001507
[2020.10.05-13.48.28:805][625]LogOnline: OSS: Creating online subsystem instance for: :Context_5
[2020.10.05-13.48.28:807][625]LogContentBrowser: Native class hierarchy updated for 'MovieSceneCapture' in 0.0003 seconds. Added 20 classes and 0 folders.
[2020.10.05-13.48.28:809][625]LogBlueprintUserMessages: [AlfraidPawn_2] Input
[2020.10.05-13.48.28:809][625]LogPawn: Error: EnableInput can only be specified on a Pawn for its Controller
[2020.10.05-13.48.28:809][625]LogBlueprintUserMessages: [AlfraidPawn_C_0] Input
[2020.10.05-13.48.28:809][625]PIE: Server logged in
[2020.10.05-13.48.28:810][625]PIE: Play in editor total start time 0.084 seconds.
[2020.10.05-13.48.36:875][421]LogSlate: Updating window title bar state: overlay mode, drag disabled, window buttons hidden, title bar hidden
[2020.10.05-13.48.36:875][421]LogWorld: BeginTearingDown for /Game/AlfraidWork/Levels-Worlds/UEDPIE_0_Level1
[2020.10.05-13.48.36:876][421]LogWorld: UWorld::CleanupWorld for Level1, bSessionEnded=true, bCleanupResources=true
[2020.10.05-13.48.36:876][421]LogSlate: InvalidateAllWidgets triggered.  All widgets were invalidated
[2020.10.05-13.48.36:884][421]LogPlayLevel: Display: Shutting down PIE online subsystems
[2020.10.05-13.48.36:888][421]LogSlate: InvalidateAllWidgets triggered.  All widgets were invalidated
[2020.10.05-13.48.36:921][421]LogSlate: Updating window title bar state: overlay mode, drag disabled, window buttons hidden, title bar hidden
[2020.10.05-13.48.36:932][421]LogAISub: UAISubsystem::~UAISubsystem AIPerceptionSystem (000001ADA5ECD1C0), frame # 38421
[2020.10.05-13.48.36:932][421]LogAISub: UAISubsystem::~UAISubsystem EnvQueryManager (000001AE02B0FA00), frame # 38421
[2020.10.05-13.48.36:965][421]LogUObjectHash: Compacting FUObjectHashTables data took   6.67ms
[2020.10.05-13.48.37:058][422]LogPlayLevel: Display: Destroying online subsystem :Context_5
[2020.10.05-13.49.05:008][192]Cmd: SELECT NONE
[2020.10.05-13.49.43:486][456]LogEditorViewport: Clicking on Actor (LMB): StaticMeshActor (Cube)
[2020.10.05-13.50.04:714][627]LogEditorViewport: Clicking on Actor (LMB): StaticMeshActor (Cube3)
[2020.10.05-13.50.05:509][702]LogEditorViewport: Clicking on Actor (LMB): Door_Wall_C (Door_Wall)
[2020.10.05-13.52.23:992][ 44]LogEditorViewport: Clicking on Actor (LMB): Door_Wall_C (Door_Wall)
[2020.10.05-13.52.25:379][180]LogEditorViewport: Clicking on Actor (LMB): StaticMeshActor (Cube5)
[2020.10.05-13.52.29:342][537]LogEditorViewport: Clicking on Actor (LMB): StaticMeshActor (Cube3)
[2020.10.05-13.52.48:530][482]LogEditorViewport: Clicking on Actor (LMB): StaticMeshActor (Cube)
[2020.10.05-13.53.15:084][ 10]LogEditorViewport: Clicking on Actor (LMB): StaticMeshActor (Cube5)
[2020.10.05-13.53.19:562][400]LogEditorViewport: Clicking on Actor (LMB): StaticMeshActor (Cube2)
[2020.10.05-13.53.27:767][181]LogEditorViewport: Clicking on Actor (LMB): StaticMeshActor (Cube3)
[2020.10.05-13.53.39:304][ 34]LogEditorViewport: Clicking on Actor (LMB): StaticMeshActor (Cube)
[2020.10.05-13.54.55:041][169]LogEditorViewport: Clicking on Actor (LMB): StaticMeshActor (Cube3)
[2020.10.05-13.54.56:744][310]LogEditorViewport: Clicking Background
[2020.10.05-13.54.58:157][446]LogEditorViewport: Clicking on Actor (LMB): StaticMeshActor (Cube3)
[2020.10.05-13.55.21:959][587]LogEditorViewport: Clicking on Actor (LMB): StaticMeshActor (Cube3)
[2020.10.05-13.55.26:554][924]LogEditorViewport: Clicking Background
[2020.10.05-13.55.28:000][ 82]LogEditorViewport: Clicking on Actor (LMB): StaticMeshActor (Cube3)
[2020.10.05-13.55.34:183][641]LogEditorViewport: Clicking Background
[2020.10.05-13.55.38:583][ 88]LogEditorViewport: Clicking on Actor (LMB): StaticMeshActor (Cube3)
[2020.10.05-13.56.43:606][741]LogEditorViewport: Clicking on Actor (LMB): StaticMeshActor (Cube2)
[2020.10.05-13.58.25:736][965]LogEditorViewport: Clicking on Actor (LMB): StaticMeshActor (Cube5)
[2020.10.05-13.59.00:428][251]LogEditorViewport: Clicking on Actor (LMB): StaticMeshActor (Cube5)
[2020.10.05-13.59.21:485][412]LogEditorViewport: Clicking on Actor (LMB): StaticMeshActor (Cube5)
[2020.10.05-14.00.00:642][972]LogUObjectHash: Compacting FUObjectHashTables data took   2.86ms
[2020.10.05-14.00.00:662][972]LogSavePackage: Moving '../../../../../../Users/user/Documents/GitHub/Alfraid/Alfraid/Saved/Level1_Auto10EE8263344151278F912CEB86757D335.tmp' to '../../../../../../Users/user/Documents/GitHub/Alfraid/Alfraid/Saved/Autosaves/Game/AlfraidWork/Levels-Worlds/Level1_Auto1.umap'
[2020.10.05-14.00.00:664][972]LogFileHelpers: Editor autosave (incl. sublevels) for '/Game/AlfraidWork/Levels-Worlds/Level1' took 0.092
[2020.10.05-14.00.00:664][972]LogFileHelpers: Editor autosave (incl. sublevels) for all levels took 0.092
[2020.10.05-14.00.28:685][ 56]LogEditorViewport: Clicking Background
[2020.10.05-14.00.32:916][464]LogEditorViewport: Clicking on Actor (LMB): Door_Wall_C (Door_Wall)
[2020.10.05-14.00.50:602][ 69]LogEditorViewport: Clicking on Actor (LMB): StaticMeshActor (Cube)
[2020.10.05-14.00.54:100][374]LogEditorViewport: Clicking on Actor (LMB): Door_Wall_C (Door_Wall)
[2020.10.05-14.01.25:349][340]LogEditorViewport: Clicking on Actor (LMB): StaticMeshActor (Cube)
[2020.10.05-14.01.27:088][506]LogEditorViewport: Clicking on Actor (LMB): Door_Wall_C (Door_Wall)
[2020.10.05-14.01.41:449][ 22]LogEditorViewport: Clicking on Actor (context menu): StaticMeshActor (Cube)
[2020.10.05-14.01.42:517][ 89]LogEditorViewport: Clicking on Actor (LMB): StaticMeshActor (Cube2)
[2020.10.05-14.03.08:554][886]LogEditorViewport: Clicking on Actor (LMB): StaticMeshActor (Cube)
[2020.10.05-14.03.20:731][ 37]LogEditorViewport: Clicking on Actor (LMB): StaticMeshActor (Cube5)
[2020.10.05-14.03.42:097][147]LogEditorViewport: Clicking on Actor (LMB): Door_Wall_C (Door_Wall)
[2020.10.05-14.04.02:963][473]LogSavePackage: Moving '../../../../../../Users/user/Documents/GitHub/Alfraid/Alfraid/Saved/Door_Wall53356A884F2D3E42BAA3C4B5FD6DD085.tmp' to '../../../../../../Users/user/Documents/GitHub/Alfraid/Alfraid/Content/AlfraidWork/InteractObjects/Door_Wall.uasset'
[2020.10.05-14.04.02:976][473]AssetCheck: New page: Asset Save: Door_Wall
[2020.10.05-14.04.02:976][473]LogContentValidation: Display: Validating Blueprint /Game/AlfraidWork/InteractObjects/Door_Wall.Door_Wall
[2020.10.05-14.10.30:457][764]LogSavePackage: Moving '../../../../../../Users/user/Documents/GitHub/Alfraid/Alfraid/Saved/Door_Wall16DD29C64BF45E1FC059608CED93008B.tmp' to '../../../../../../Users/user/Documents/GitHub/Alfraid/Alfraid/Content/AlfraidWork/InteractObjects/Door_Wall.uasset'
[2020.10.05-14.10.30:473][764]AssetCheck: New page: Asset Save: Door_Wall
[2020.10.05-14.10.30:473][764]LogContentValidation: Display: Validating Blueprint /Game/AlfraidWork/InteractObjects/Door_Wall.Door_Wall
[2020.10.05-14.10.30:948][813]BlueprintLog: New page: Compile Door_Wall
[2020.10.05-14.10.31:124][813]LogUObjectHash: Compacting FUObjectHashTables data took   2.33ms
[2020.10.05-14.11.53:079][777]LogSavePackage: Moving '../../../../../../Users/user/Documents/GitHub/Alfraid/Alfraid/Saved/Door_Wall525FB5BB4B8DB9E269F84E9E7C32872B.tmp' to '../../../../../../Users/user/Documents/GitHub/Alfraid/Alfraid/Content/AlfraidWork/InteractObjects/Door_Wall.uasset'
[2020.10.05-14.11.53:092][777]AssetCheck: New page: Asset Save: Door_Wall
[2020.10.05-14.11.53:093][777]LogContentValidation: Display: Validating Blueprint /Game/AlfraidWork/InteractObjects/Door_Wall.Door_Wall
[2020.10.05-14.11.53:501][816]BlueprintLog: New page: Compile Door_Wall
[2020.10.05-14.11.53:592][816]LogUObjectHash: Compacting FUObjectHashTables data took   2.56ms
[2020.10.05-14.12.09:166][308]LogUObjectHash: Compacting FUObjectHashTables data took   2.49ms
[2020.10.05-14.12.09:186][308]LogSavePackage: Moving '../../../../../../Users/user/Documents/GitHub/Alfraid/Alfraid/Saved/Level13F0396E24DFFE839BB017D94376B2AD3.tmp' to '../../../../../../Users/user/Documents/GitHub/Alfraid/Alfraid/Content/AlfraidWork/Levels-Worlds/Level1.umap'
[2020.10.05-14.12.09:237][308]AssetCheck: New page: Asset Save: Level1
[2020.10.05-14.12.09:237][308]LogContentValidation: Display: Validating World /Game/AlfraidWork/Levels-Worlds/Level1.Level1
[2020.10.05-14.13.43:922][113]LogEditorViewport: Clicking on Actor (LMB): StaticMeshActor (Cube5)
[2020.10.05-14.13.45:816][293]LogEditorViewport: Clicking on Actor (LMB): StaticCamera_C (StaticCamera)
[2020.10.05-14.14.10:199][243]LogEditorViewport: Clicking on Actor (LMB): StaticMeshActor (Cube)
[2020.10.05-14.14.11:723][383]LogEditorViewport: Clicking on Actor (LMB): StaticCamera_C (StaticCamera)
[2020.10.05-14.14.13:158][487]LogTemp: Repeating last play command: Selected Viewport
[2020.10.05-14.14.13:173][487]LogPlayLevel: PlayLevel: No blueprints needed recompiling
[2020.10.05-14.14.13:173][487]PIE: New page: PIE session: Level1 (Oct 5, 2020, 2:14:13 AM)
[2020.10.05-14.14.13:173][487]LogPlayLevel: Creating play world package: /Game/AlfraidWork/Levels-Worlds/UEDPIE_0_Level1
[2020.10.05-14.14.13:175][487]LogPlayLevel: PIE: StaticDuplicateObject took: (0.001541s)
[2020.10.05-14.14.13:176][487]LogAIModule: Creating AISystem for world Level1
[2020.10.05-14.14.13:176][487]LogAISub: UAISubsystem::UAISubsystem EnvQueryManager (000001AE023CF600), frame # 162487
[2020.10.05-14.14.13:176][487]LogAISub: UAISubsystem::UAISubsystem AIPerceptionSystem (000001ADF5B16700), frame # 162487
[2020.10.05-14.14.13:176][487]LogPlayLevel: PIE: World Init took: (0.000934s)
[2020.10.05-14.14.13:176][487]LogPlayLevel: PIE: Created PIE world by copying editor world from /Game/AlfraidWork/Levels-Worlds/Level1.Level1 to /Game/AlfraidWork/Levels-Worlds/UEDPIE_0_Level1.Level1 (0.002555s)
[2020.10.05-14.14.13:202][487]LogUObjectHash: Compacting FUObjectHashTables data took   2.30ms
[2020.10.05-14.14.13:206][487]LogAudioMixer: Display: Audio Mixer Platform Settings:
[2020.10.05-14.14.13:206][487]LogAudioMixer: Display: 	Sample Rate:						  48000
[2020.10.05-14.14.13:206][487]LogAudioMixer: Display: 	Callback Buffer Frame Size Requested: 1024
[2020.10.05-14.14.13:206][487]LogAudioMixer: Display: 	Callback Buffer Frame Size To Use:	  1024
[2020.10.05-14.14.13:206][487]LogAudioMixer: Display: 	Number of buffers to queue:			  2
[2020.10.05-14.14.13:206][487]LogAudioMixer: Display: 	Max Channels (voices):				  32
[2020.10.05-14.14.13:206][487]LogAudioMixer: Display: 	Number of Async Source Workers:		  0
[2020.10.05-14.14.13:206][487]LogAudio: Display: AudioDevice MaxSources: 32
[2020.10.05-14.14.13:206][487]LogAudio: Display: Using built-in audio occlusion.
[2020.10.05-14.14.13:206][487]LogAudioMixer: Display: Initializing audio mixer.
[2020.10.05-14.14.13:210][487]LogAudioMixer: Display: 0: FrontLeft
[2020.10.05-14.14.13:210][487]LogAudioMixer: Display: 1: FrontRight
[2020.10.05-14.14.13:223][487]LogAudioMixer: Display: Using Audio Device Headphones (Cirrus Logic CS8409 (AB 16))
[2020.10.05-14.14.13:223][487]LogAudioMixer: Display: Initializing Sound Submixes...
[2020.10.05-14.14.13:223][487]LogAudioMixer: Display: Creating Master Submix 'MasterSubmixDefault'
[2020.10.05-14.14.13:223][487]LogAudioMixer: Display: Creating Master Submix 'MasterReverbSubmixDefault'
[2020.10.05-14.14.13:223][487]LogAudioMixer: Display: Creating Master Submix 'MasterEQSubmixDefault'
[2020.10.05-14.14.13:233][487]LogInit: FAudioDevice initialized.
[2020.10.05-14.14.13:242][487]LogLoad: Game class is 'ThirdPersonGameMode_C'
[2020.10.05-14.14.13:244][487]LogWorld: Bringing World /Game/AlfraidWork/Levels-Worlds/UEDPIE_0_Level1.Level1 up for play (max tick rate 0) at 2020.10.05-08.14.13
[2020.10.05-14.14.13:244][487]LogWorld: Bringing up level for play took: 0.001279
[2020.10.05-14.14.13:244][487]LogOnline: OSS: Creating online subsystem instance for: :Context_7
[2020.10.05-14.14.13:247][487]LogBlueprintUserMessages: [AlfraidPawn_2] Input
[2020.10.05-14.14.13:247][487]LogPawn: Error: EnableInput can only be specified on a Pawn for its Controller
[2020.10.05-14.14.13:247][487]LogBlueprintUserMessages: [AlfraidPawn_C_0] Input
[2020.10.05-14.14.13:247][487]PIE: Server logged in
[2020.10.05-14.14.13:247][487]PIE: Play in editor total start time 0.074 seconds.
[2020.10.05-14.14.19:888][148]LogSlate: Updating window title bar state: overlay mode, drag disabled, window buttons hidden, title bar hidden
[2020.10.05-14.14.19:888][148]LogWorld: BeginTearingDown for /Game/AlfraidWork/Levels-Worlds/UEDPIE_0_Level1
[2020.10.05-14.14.19:888][148]LogWorld: UWorld::CleanupWorld for Level1, bSessionEnded=true, bCleanupResources=true
[2020.10.05-14.14.19:889][148]LogSlate: InvalidateAllWidgets triggered.  All widgets were invalidated
[2020.10.05-14.14.19:905][148]LogPlayLevel: Display: Shutting down PIE online subsystems
[2020.10.05-14.14.19:911][148]LogSlate: InvalidateAllWidgets triggered.  All widgets were invalidated
[2020.10.05-14.14.19:959][148]LogSlate: Updating window title bar state: overlay mode, drag disabled, window buttons hidden, title bar hidden
[2020.10.05-14.14.19:959][148]LogAISub: UAISubsystem::~UAISubsystem AIPerceptionSystem (000001ADF5B16700), frame # 163148
[2020.10.05-14.14.19:959][148]LogAISub: UAISubsystem::~UAISubsystem EnvQueryManager (000001AE023CF600), frame # 163148
[2020.10.05-14.14.19:962][148]LogUObjectHash: Compacting FUObjectHashTables data took   2.34ms
[2020.10.05-14.14.20:028][149]LogPlayLevel: Display: Destroying online subsystem :Context_7
[2020.10.05-14.14.23:020][440]LogEditorViewport: Clicking on Actor (LMB): StaticCamera_C (StaticCamera)
[2020.10.05-14.14.35:349][373]LogEditorViewport: Clicking on Actor (LMB): AlfraidPawn_C (AlfraidPawn)
[2020.10.05-14.14.37:509][571]LogEditorViewport: Clicking on Actor (LMB): Door_Wall_C (Door_Wall)
[2020.10.05-14.14.39:023][709]LogEditorViewport: Clicking on Actor (LMB): StaticCamera_C (StaticCamera)
[2020.10.05-14.15.27:031][976]LogUObjectHash: Compacting FUObjectHashTables data took   1.97ms
[2020.10.05-14.15.27:048][976]LogSavePackage: Moving '../../../../../../Users/user/Documents/GitHub/Alfraid/Alfraid/Saved/Level1730181C84A980ADB7745448DEE43B6B5.tmp' to '../../../../../../Users/user/Documents/GitHub/Alfraid/Alfraid/Content/AlfraidWork/Levels-Worlds/Level1.umap'
[2020.10.05-14.15.27:097][976]AssetCheck: New page: Asset Save: Level1
[2020.10.05-14.15.27:097][976]LogContentValidation: Display: Validating World /Game/AlfraidWork/Levels-Worlds/Level1.Level1
[2020.10.05-14.16.04:170][772]LogEditorViewport: Clicking on Actor (LMB): Door_Wall_C (Door_Wall)
[2020.10.05-14.16.08:099][122]LogEditorViewport: Clicking on Actor (LMB): StaticMeshActor (Cube4)
[2020.10.05-14.16.09:165][229]Cmd: DELETE
[2020.10.05-14.16.09:165][229]Cmd: ACTOR DELETE
[2020.10.05-14.16.09:166][229]LogEditorActor: Deleted Actor: StaticMeshActor
[2020.10.05-14.16.09:189][229]LogUObjectHash: Compacting FUObjectHashTables data took   1.95ms
[2020.10.05-14.16.09:192][229]LogEditorActor: Deleted 1 Actors (0.026 secs)
[2020.10.05-14.21.25:458][345]LogAudioMixer: Warning: Changing default audio render device to new device: {0.0.0.00000000}.{abde6e45-50e9-4087-966b-e8d8ea29e5ca}.
[2020.10.05-14.21.25:458][345]LogTemp: Resetting audio stream to device id 
[2020.10.05-14.21.25:472][345]LogAudioMixer: Display: 0: FrontLeft
[2020.10.05-14.21.25:472][345]LogAudioMixer: Display: 1: FrontRight
[2020.10.05-14.21.25:472][345]LogAudioMixer: Display: 2: BackLeft
[2020.10.05-14.21.25:472][345]LogAudioMixer: Display: 3: BackRight
[2020.10.05-14.24.53:835][972]LogEditorViewport: Clicking Background
[2020.10.05-14.24.59:800][599]LogEditorViewport: Clicking on Actor (LMB): StaticMeshActor (Cube)
[2020.10.05-14.25.02:833][879]Cmd: EDIT COPY
[2020.10.05-14.25.03:646][960]Cmd: EDIT PASTE
[2020.10.05-14.26.02:267][632]LogUObjectHash: Compacting FUObjectHashTables data took   1.26ms
[2020.10.05-14.26.02:294][632]LogSavePackage: Moving '../../../../../../Users/user/Documents/GitHub/Alfraid/Alfraid/Saved/Level1_Auto28FDE6CBF49F88A04A48079B30872D1FA.tmp' to '../../../../../../Users/user/Documents/GitHub/Alfraid/Alfraid/Saved/Autosaves/Game/AlfraidWork/Levels-Worlds/Level1_Auto2.umap'
[2020.10.05-14.26.02:296][632]LogFileHelpers: Editor autosave (incl. sublevels) for '/Game/AlfraidWork/Levels-Worlds/Level1' took 0.048
[2020.10.05-14.26.02:296][632]LogFileHelpers: Editor autosave (incl. sublevels) for all levels took 0.048
[2020.10.05-14.36.02:314][916]LogUObjectHash: Compacting FUObjectHashTables data took   0.82ms
[2020.10.05-14.36.02:338][916]LogSavePackage: Moving '../../../../../../Users/user/Documents/GitHub/Alfraid/Alfraid/Saved/Level1_Auto341AEFFEE4F8C1B0EAEF52A9B91B0A823.tmp' to '../../../../../../Users/user/Documents/GitHub/Alfraid/Alfraid/Saved/Autosaves/Game/AlfraidWork/Levels-Worlds/Level1_Auto3.umap'
[2020.10.05-14.36.02:339][916]LogFileHelpers: Editor autosave (incl. sublevels) for '/Game/AlfraidWork/Levels-Worlds/Level1' took 0.060
[2020.10.05-14.36.02:339][916]LogFileHelpers: Editor autosave (incl. sublevels) for all levels took 0.060
[2020.10.05-14.36.59:581][321]LogEditorViewport: Clicking on Actor (LMB): StaticMeshActor (Cube3)
[2020.10.05-14.37.00:949][468]Cmd: EDIT COPY
[2020.10.05-14.37.01:253][503]Cmd: EDIT PASTE
[2020.10.05-14.37.36:286][354]LogAudioMixer: Warning: Changing default audio render device to new device: {0.0.0.00000000}.{13d8906b-691d-4a72-9503-3185b8e98ba8}.
[2020.10.05-14.37.36:291][354]LogTemp: Resetting audio stream to device id 
[2020.10.05-14.37.36:357][354]LogAudioMixer: Display: 0: FrontLeft
[2020.10.05-14.37.36:357][354]LogAudioMixer: Display: 1: FrontRight
[2020.10.05-14.37.47:742][411]LogAudioMixer: Warning: Changing default audio render device to new device: {0.0.0.00000000}.{abde6e45-50e9-4087-966b-e8d8ea29e5ca}.
[2020.10.05-14.37.47:742][411]LogTemp: Resetting audio stream to device id 
[2020.10.05-14.37.47:754][411]LogAudioMixer: Display: 0: FrontLeft
[2020.10.05-14.37.47:754][411]LogAudioMixer: Display: 1: FrontRight
[2020.10.05-14.37.47:754][411]LogAudioMixer: Display: 2: BackLeft
[2020.10.05-14.37.47:754][411]LogAudioMixer: Display: 3: BackRight
[2020.10.05-14.43.35:966][531]LogEditorViewport: Clicking on Actor (LMB): StaticMeshActor (Cube5)
[2020.10.05-14.46.02:484][676]LogUObjectHash: Compacting FUObjectHashTables data took   1.47ms
[2020.10.05-14.46.02:509][676]LogSavePackage: Moving '../../../../../../Users/user/Documents/GitHub/Alfraid/Alfraid/Saved/Level1_Auto4B399069140D5E493FF4E7D9BBF6F8F5F.tmp' to '../../../../../../Users/user/Documents/GitHub/Alfraid/Alfraid/Saved/Autosaves/Game/AlfraidWork/Levels-Worlds/Level1_Auto4.umap'
[2020.10.05-14.46.02:510][676]LogFileHelpers: Editor autosave (incl. sublevels) for '/Game/AlfraidWork/Levels-Worlds/Level1' took 0.065
[2020.10.05-14.46.02:510][676]LogFileHelpers: Editor autosave (incl. sublevels) for all levels took 0.065
[2020.10.05-14.46.54:431][ 11]LogEditorViewport: Clicking on Actor (LMB): StaticMeshActor (Cube5)
[2020.10.05-14.46.55:564][123]Cmd: EDIT COPY
[2020.10.05-14.46.56:010][170]Cmd: EDIT PASTE
[2020.10.05-14.46.57:310][300]LogEditorViewport: Clicking on Actor (LMB): StaticMeshActor (Cube7)
[2020.10.05-14.47.27:687][386]LogEditorViewport: Clicking on Actor (LMB): StaticMeshActor (Cube6)
[2020.10.05-14.47.29:351][568]Cmd: EDIT COPY
[2020.10.05-14.47.29:687][607]Cmd: EDIT PASTE
[2020.10.05-14.48.36:449][244]LogEditorViewport: Clicking on Actor (LMB): Door_Wall_C (Door_Wall)
[2020.10.05-14.48.40:304][608]Cmd: EDIT COPY
[2020.10.05-14.48.40:990][676]Cmd: EDIT PASTE
[2020.10.05-14.48.59:474][490]LogEditorViewport: Clicking Background
[2020.10.05-14.49.01:095][676]LogEditorViewport: Clicking on Actor (LMB): Door_Wall_C (Door_Wall2)
[2020.10.05-14.49.19:819][773]LogEditorViewport: Clicking on Actor (LMB): StaticMeshActor (Cube4)
[2020.10.05-14.49.48:999][846]LogEditorViewport: Clicking on Actor (LMB): Door_Wall_C (Door_Wall2)
[2020.10.05-14.49.56:191][664]LogEditorViewport: Clicking on Actor (LMB): Door_Wall_C (Door_Wall2)
[2020.10.05-14.49.56:717][721]LogEditorViewport: Clicking on Actor (LMB): Door_Wall_C (Door_Wall2)
[2020.10.05-14.49.56:804][723]LogEditorViewport: Clicking on Component (LMB): StaticMeshComponent (Cube5)
[2020.10.05-14.49.58:230][887]LogEditorViewport: Clicking on Component (LMB): StaticMeshComponent (Cube)
[2020.10.05-14.49.58:331][892]LogEditorViewport: Clicking on Actor (double click): Door_Wall_C (Door_Wall2)
[2020.10.05-14.50.57:387][679]LogUObjectHash: Compacting FUObjectHashTables data took   1.79ms
[2020.10.05-14.50.57:405][679]LogSavePackage: Moving '../../../../../../Users/user/Documents/GitHub/Alfraid/Alfraid/Saved/Level19E3E448346F11FFA4E31C8AEAF656B34.tmp' to '../../../../../../Users/user/Documents/GitHub/Alfraid/Alfraid/Content/AlfraidWork/Levels-Worlds/Level1.umap'
[2020.10.05-14.50.57:458][679]AssetCheck: New page: Asset Save: Level1
[2020.10.05-14.50.57:458][679]LogContentValidation: Display: Validating World /Game/AlfraidWork/Levels-Worlds/Level1.Level1
[2020.10.05-14.52.41:277][477]LogEditorViewport: Clicking on Actor (LMB): StaticMeshActor (Cube3)
[2020.10.05-14.52.43:244][701]Cmd: EDIT COPY
[2020.10.05-14.52.44:010][788]Cmd: EDIT PASTE
[2020.10.05-14.53.54:012][441]LogEditorViewport: Clicking on Actor (LMB): StaticMeshActor (Cube8)
[2020.10.05-14.54.08:123][964]LogEditorViewport: Clicking on Actor (LMB): StaticMeshActor (Cube9)
[2020.10.05-14.54.23:342][709]LogEditorViewport: Clicking on Actor (LMB): StaticMeshActor (Cube8)
[2020.10.05-14.54.39:488][479]LogUObjectHash: Compacting FUObjectHashTables data took   1.66ms
[2020.10.05-14.54.39:511][479]LogSavePackage: Moving '../../../../../../Users/user/Documents/GitHub/Alfraid/Alfraid/Saved/Level13FA904C44BAF82DE8F24D590EE9192EE.tmp' to '../../../../../../Users/user/Documents/GitHub/Alfraid/Alfraid/Content/AlfraidWork/Levels-Worlds/Level1.umap'
[2020.10.05-14.54.39:552][479]AssetCheck: New page: Asset Save: Level1
[2020.10.05-14.54.39:552][479]LogContentValidation: Display: Validating World /Game/AlfraidWork/Levels-Worlds/Level1.Level1
[2020.10.05-14.55.53:498][869]LogUObjectHash: Compacting FUObjectHashTables data took   0.92ms
[2020.10.05-14.55.53:520][869]LogSavePackage: Moving '../../../../../../Users/user/Documents/GitHub/Alfraid/Alfraid/Saved/Level1293B44B84B4055FCEB0658AC573A8BA9.tmp' to '../../../../../../Users/user/Documents/GitHub/Alfraid/Alfraid/Content/AlfraidWork/Levels-Worlds/Level1.umap'
[2020.10.05-14.55.53:557][869]AssetCheck: New page: Asset Save: Level1
[2020.10.05-14.55.53:557][869]LogContentValidation: Display: Validating World /Game/AlfraidWork/Levels-Worlds/Level1.Level1
[2020.10.05-14.57.26:280][306]LogEditorViewport: Clicking on Actor (LMB): StaticMeshActor (Cube4)
[2020.10.05-14.57.40:145][834]LogEditorViewport: Clicking on Actor (context menu): StaticMeshActor (Cube8)
[2020.10.05-14.57.41:687][954]LogEditorViewport: Clicking Background
[2020.10.05-14.58.05:465][651]LogEditorViewport: Clicking on Actor (LMB): StaticMeshActor (Cube6)
[2020.10.05-14.59.36:583][614]LogEditorViewport: Clicking on Actor (LMB): StaticMeshActor (Cube7)
[2020.10.05-14.59.41:105][ 67]LogEditorViewport: Clicking on Actor (LMB): StaticMeshActor (Cube8)
[2020.10.05-15.00.05:674][603]LogEditorViewport: Clicking on Actor (LMB): StaticMeshActor (Cube7)
[2020.10.05-15.00.19:382][139]LogEditorViewport: Clicking on Actor (LMB): StaticMeshActor (Cube8)
[2020.10.05-15.00.42:900][654]LogEditorViewport: Clicking on Actor (LMB): StaticMeshActor (Cube9)
[2020.10.05-15.01.40:379][225]LogUObjectHash: Compacting FUObjectHashTables data took   0.66ms
[2020.10.05-15.01.40:404][225]LogSavePackage: Moving '../../../../../../Users/user/Documents/GitHub/Alfraid/Alfraid/Saved/Level155F79F6D4EC7D1195FAECD93D2CF63B4.tmp' to '../../../../../../Users/user/Documents/GitHub/Alfraid/Alfraid/Content/AlfraidWork/Levels-Worlds/Level1.umap'
[2020.10.05-15.01.40:442][225]AssetCheck: New page: Asset Save: Level1
[2020.10.05-15.01.40:443][225]LogContentValidation: Display: Validating World /Game/AlfraidWork/Levels-Worlds/Level1.Level1
